07:26:22,348 root INFO Loaded ViT-B-16 model config.
07:26:28,621 urllib3.connectionpool DEBUG https://huggingface.co:443 "HEAD /laion/CLIP-ViT-B-16-laion2B-s34B-b88K/resolve/main/open_clip_pytorch_model.bin HTTP/1.1" 302 0
07:26:28,623 root INFO Loading pretrained ViT-B-16 weights (laion2b_s34b_b88k).
07:26:34,359 root INFO Loaded ViT-B-16 model config.
07:26:39,542 urllib3.connectionpool DEBUG https://huggingface.co:443 "HEAD /laion/CLIP-ViT-B-16-laion2B-s34B-b88K/resolve/main/open_clip_pytorch_model.bin HTTP/1.1" 302 0
07:26:39,544 root INFO Loading pretrained ViT-B-16 weights (laion2b_s34b_b88k).
07:26:48,15 root INFO Train 0/500 Loss: 0.4655078947544098, Time: 0.03698396682739258(s), Frequency: 27.03874369850827(fps)
07:27:53,320 root INFO Train 100/500 Loss: 0.23622599244117737, Time: 0.012201070785522461(s), Frequency: 81.96001954079141(fps)
07:28:59,557 root INFO Train 200/500 Loss: 0.23085123300552368, Time: 0.01557779312133789(s), Frequency: 64.19394533043558(fps)
07:30:05,750 root INFO Train 300/500 Loss: 0.22932752966880798, Time: 0.014635562896728516(s), Frequency: 68.32671944743102(fps)
07:31:12,21 root INFO Train 400/500 Loss: 0.2294521927833557, Time: 0.016822099685668945(s), Frequency: 59.4456113496889(fps)
07:32:17,556 root INFO Train 500/500 Loss: 0.2292138934135437, Time: 0.011699676513671875(s), Frequency: 85.4724486468862(fps)
07:34:22,582 root INFO Val Stats: Loss: 0.16912895371926198, Time: 0.011704088188707829, Clip Sim: 0.05321707061885558
07:34:25,944 root INFO Train 0/500 Loss: 0.22925928235054016, Time: 0.015472650527954102(s), Frequency: 64.63016780436692(fps)
07:35:31,896 root INFO Train 100/500 Loss: 0.2265559583902359, Time: 0.01214742660522461(s), Frequency: 82.32196270853778(fps)
07:36:37,22 root INFO Train 200/500 Loss: 0.2277614325284958, Time: 0.01140904426574707(s), Frequency: 87.64976072555535(fps)
07:37:42,852 root INFO Train 300/500 Loss: 0.22702251374721527, Time: 0.014630794525146484(s), Frequency: 68.34898803897924(fps)
07:38:48,25 root INFO Train 400/500 Loss: 0.22674059867858887, Time: 0.011189699172973633(s), Frequency: 89.36790744252446(fps)
07:39:52,552 root INFO Train 500/500 Loss: 0.22712936997413635, Time: 0.024677515029907227(s), Frequency: 40.5227187092411(fps)
07:42:01,342 root INFO Val Stats: Loss: 0.1600967366056344, Time: 0.01155615970492363, Clip Sim: 0.05021920293262325
07:42:05,48 root INFO Train 0/500 Loss: 0.22680416703224182, Time: 0.01758861541748047(s), Frequency: 56.854958520848015(fps)
07:43:12,465 root INFO Train 100/500 Loss: 0.22720575332641602, Time: 0.01542210578918457(s), Frequency: 64.8419880961583(fps)
07:44:20,279 root INFO Train 200/500 Loss: 0.22802811861038208, Time: 0.01705789566040039(s), Frequency: 58.62387834400246(fps)
07:45:27,269 root INFO Train 300/500 Loss: 0.22683483362197876, Time: 0.014790534973144531(s), Frequency: 67.6108066284093(fps)
07:46:34,277 root INFO Train 400/500 Loss: 0.22703532874584198, Time: 0.01489400863647461(s), Frequency: 67.14109172402753(fps)
07:47:41,228 root INFO Train 500/500 Loss: 0.22663022577762604, Time: 0.01578211784362793(s), Frequency: 63.36285217916761(fps)
07:49:42,554 root INFO Val Stats: Loss: 0.16000093366067433, Time: 0.012395454570651054, Clip Sim: 0.04964484299350645
07:49:46,178 root INFO Train 0/500 Loss: 0.22745609283447266, Time: 0.016507387161254883(s), Frequency: 60.578939006600514(fps)
07:50:52,427 root INFO Train 100/500 Loss: 0.22527533769607544, Time: 0.014408588409423828(s), Frequency: 69.40305126253433(fps)
07:51:57,498 root INFO Train 200/500 Loss: 0.2243230938911438, Time: 0.011714458465576172(s), Frequency: 85.36459478161761(fps)
07:53:05,201 root INFO Train 300/500 Loss: 0.22588804364204407, Time: 0.018427610397338867(s), Frequency: 54.26639582875109(fps)
07:54:20,993 root INFO Train 400/500 Loss: 0.22520121932029724, Time: 0.01674652099609375(s), Frequency: 59.713895216400914(fps)
07:55:51,907 root INFO Train 500/500 Loss: 0.22717323899269104, Time: 0.03152632713317871(s), Frequency: 31.719521141033493(fps)
07:58:51,41 root INFO Val Stats: Loss: 0.1558321329582598, Time: 0.012429381720721722, Clip Sim: 0.050264189135014396
07:58:56,337 root INFO Train 0/500 Loss: 0.22514915466308594, Time: 0.012248516082763672(s), Frequency: 81.64254292054346(fps)
08:00:14,600 root INFO Train 100/500 Loss: 0.22324848175048828, Time: 0.014880657196044922(s), Frequency: 67.20133303425513(fps)
08:01:35,231 root INFO Train 200/500 Loss: 0.2245868742465973, Time: 0.02711653709411621(s), Frequency: 36.87786521299512(fps)
08:03:01,404 root INFO Train 300/500 Loss: 0.22775518894195557, Time: 0.03749418258666992(s), Frequency: 26.670804135773423(fps)
08:04:15,216 root INFO Train 400/500 Loss: 0.2265700101852417, Time: 0.06643366813659668(s), Frequency: 15.052608534935382(fps)
08:05:40,495 root INFO Train 500/500 Loss: 0.22543829679489136, Time: 0.02319192886352539(s), Frequency: 43.1184489174908(fps)
08:08:38,570 root INFO Val Stats: Loss: 0.1559931490685522, Time: 0.01418668869882822, Clip Sim: 0.0491719133767885
08:08:42,845 root INFO Train 0/500 Loss: 0.2196524739265442, Time: 0.016744613647460938(s), Frequency: 59.72069711812279(fps)
08:10:01,313 root INFO Train 100/500 Loss: 0.22459463775157928, Time: 0.03316354751586914(s), Frequency: 30.15358955556514(fps)
08:11:25,483 root INFO Train 200/500 Loss: 0.2261841595172882, Time: 0.020571231842041016(s), Frequency: 48.61157599499316(fps)
08:12:47,508 root INFO Train 300/500 Loss: 0.22329002618789673, Time: 0.013088703155517578(s), Frequency: 76.40176327006448(fps)
08:14:09,510 root INFO Train 400/500 Loss: 0.2251458764076233, Time: 0.01598191261291504(s), Frequency: 62.57073381767189(fps)
08:15:26,465 root INFO Train 500/500 Loss: 0.22464802861213684, Time: 0.011601924896240234(s), Frequency: 86.19259381036538(fps)
08:18:24,738 root INFO Val Stats: Loss: 0.1551338622404128, Time: 0.012749775312840939, Clip Sim: 0.04877080050172265
08:18:30,817 root INFO Train 0/500 Loss: 0.22326965630054474, Time: 0.020821094512939453(s), Frequency: 48.02821481735944(fps)
08:19:58,565 root INFO Train 100/500 Loss: 0.22272881865501404, Time: 0.027983903884887695(s), Frequency: 35.734828282484045(fps)
08:21:14,808 root INFO Train 200/500 Loss: 0.22511687874794006, Time: 0.012069225311279297(s), Frequency: 82.8553593299356(fps)
08:22:42,816 root INFO Train 300/500 Loss: 0.22551515698432922, Time: 0.03989243507385254(s), Frequency: 25.06740935088841(fps)
08:24:08,945 root INFO Train 400/500 Loss: 0.22526448965072632, Time: 0.016539335250854492(s), Frequency: 60.46192212884346(fps)
08:25:37,419 root INFO Train 500/500 Loss: 0.22375181317329407, Time: 0.011357307434082031(s), Frequency: 88.04903854227895(fps)
08:28:24,517 root INFO Val Stats: Loss: 0.1542451549897489, Time: 0.013823853805661201, Clip Sim: 0.04912619667185336
08:28:28,782 root INFO Train 0/500 Loss: 0.22431056201457977, Time: 0.02449202537536621(s), Frequency: 40.82961636181335(fps)
08:29:48,163 root INFO Train 100/500 Loss: 0.2238483726978302, Time: 0.01865696907043457(s), Frequency: 53.59927414923389(fps)
08:31:08,90 root INFO Train 200/500 Loss: 0.22327366471290588, Time: 0.011932134628295898(s), Frequency: 83.80730113693129(fps)
08:32:29,710 root INFO Train 300/500 Loss: 0.22250279784202576, Time: 0.011384725570678711(s), Frequency: 87.83698770706373(fps)
08:33:51,167 root INFO Train 400/500 Loss: 0.221510648727417, Time: 0.03156757354736328(s), Frequency: 31.67807619105163(fps)
08:35:10,929 root INFO Train 500/500 Loss: 0.22470960021018982, Time: 0.021810054779052734(s), Frequency: 45.85041212094711(fps)
08:38:12,116 root INFO Val Stats: Loss: 0.15488840900745587, Time: 0.013233687728643417, Clip Sim: 0.048936429615948615
08:38:17,648 root INFO Train 0/500 Loss: 0.223381906747818, Time: 0.05869126319885254(s), Frequency: 17.0383110789742(fps)
08:39:39,519 root INFO Train 100/500 Loss: 0.2242620587348938, Time: 0.017386674880981445(s), Frequency: 57.515310250257116(fps)
08:41:04,165 root INFO Train 200/500 Loss: 0.22534075379371643, Time: 0.02438211441040039(s), Frequency: 41.01367023253085(fps)
08:42:28,857 root INFO Train 300/500 Loss: 0.22251108288764954, Time: 0.03847026824951172(s), Frequency: 25.99410000247899(fps)
08:43:45,82 root INFO Train 400/500 Loss: 0.22476503252983093, Time: 0.016427278518676758(s), Frequency: 60.87435596000058(fps)
08:45:02,571 root INFO Train 500/500 Loss: 0.22282610833644867, Time: 0.015111923217773438(s), Frequency: 66.17291430013884(fps)
08:47:28,224 root INFO Val Stats: Loss: 0.15347925074321708, Time: 0.009602045640349388, Clip Sim: 0.048421573277908504
08:47:32,32 root INFO Train 0/500 Loss: 0.2261539101600647, Time: 0.014381885528564453(s), Frequency: 69.53191207188091(fps)
08:48:46,15 root INFO Train 100/500 Loss: 0.2243966907262802, Time: 0.018276453018188477(s), Frequency: 54.715211918024444(fps)
08:50:05,877 root INFO Train 200/500 Loss: 0.22560326755046844, Time: 0.011313915252685547(s), Frequency: 88.38673241454883(fps)
08:51:25,18 root INFO Train 300/500 Loss: 0.22364449501037598, Time: 0.013806581497192383(s), Frequency: 72.42922516361878(fps)
08:52:48,253 root INFO Train 400/500 Loss: 0.22133184969425201, Time: 0.017689228057861328(s), Frequency: 56.53157937299512(fps)
08:54:05,479 root INFO Train 500/500 Loss: 0.22684769332408905, Time: 0.014583587646484375(s), Frequency: 68.57023280146481(fps)
08:56:39,495 root INFO Val Stats: Loss: 0.1533230438674848, Time: 0.010421691462397575, Clip Sim: 0.047758334786775186
23:57:14,340 urllib3.connectionpool DEBUG Starting new HTTPS connection (1): huggingface.co:443
23:57:14,569 urllib3.connectionpool DEBUG https://huggingface.co:443 "GET /api/datasets/HuggingFaceM4/COCO HTTP/1.1" 200 1683
23:57:14,672 urllib3.connectionpool DEBUG https://huggingface.co:443 "GET /api/datasets/HuggingFaceM4/COCO HTTP/1.1" 200 1683
23:57:14,758 urllib3.connectionpool DEBUG https://huggingface.co:443 "POST /api/datasets/HuggingFaceM4/COCO/paths-info/main HTTP/1.1" 200 495
23:57:14,836 urllib3.connectionpool DEBUG https://huggingface.co:443 "GET /datasets/HuggingFaceM4/COCO/resolve/main/COCO.py HTTP/1.1" 200 9475
23:57:14,837 urllib3.connectionpool DEBUG Starting new HTTPS connection (1): s3.amazonaws.com:443
23:57:15,131 urllib3.connectionpool DEBUG https://s3.amazonaws.com:443 "HEAD /datasets.huggingface.co/datasets/datasets/HuggingFaceM4/COCO/HuggingFaceM4/COCO.py HTTP/1.1" 404 0
23:57:15,139 urllib3.connectionpool DEBUG Starting new HTTPS connection (1): huggingface.co:443
23:57:15,329 urllib3.connectionpool DEBUG https://huggingface.co:443 "HEAD /datasets/HuggingFaceM4/COCO/resolve/main/COCO.py HTTP/1.1" 200 0
23:57:15,335 urllib3.connectionpool DEBUG Starting new HTTPS connection (1): huggingface.co:443
23:57:15,539 urllib3.connectionpool DEBUG https://huggingface.co:443 "HEAD /datasets/HuggingFaceM4/COCO/resolve/main/dataset_infos.json HTTP/1.1" 404 0
23:57:15,544 urllib3.connectionpool DEBUG Starting new HTTPS connection (1): huggingface.co:443
23:57:16,74 urllib3.connectionpool DEBUG https://huggingface.co:443 "HEAD /datasets/HuggingFaceM4/COCO/resolve/main/README.md HTTP/1.1" 200 0
23:57:16,97 filelock DEBUG Attempting to acquire lock 140460791214240 on /home/sandeepmukh/.cache/huggingface/modules/datasets_modules/datasets/HuggingFaceM4--COCO.lock
23:57:16,98 filelock DEBUG Lock 140460791214240 acquired on /home/sandeepmukh/.cache/huggingface/modules/datasets_modules/datasets/HuggingFaceM4--COCO.lock
23:57:16,102 filelock DEBUG Attempting to release lock 140460791214240 on /home/sandeepmukh/.cache/huggingface/modules/datasets_modules/datasets/HuggingFaceM4--COCO.lock
23:57:16,102 filelock DEBUG Lock 140460791214240 released on /home/sandeepmukh/.cache/huggingface/modules/datasets_modules/datasets/HuggingFaceM4--COCO.lock
23:57:16,104 filelock DEBUG Attempting to acquire lock 140458027369856 on /home/sandeepmukh/.cache/huggingface/datasets/_home_sandeepmukh_.cache_huggingface_datasets_HuggingFaceM4___coco_2014_1.0.0_7dba4b1d9b12e588770263b87c2a1fd7b03072c0a0cf550c896dbd09bf2bb7f8.lock
23:57:16,104 filelock DEBUG Lock 140458027369856 acquired on /home/sandeepmukh/.cache/huggingface/datasets/_home_sandeepmukh_.cache_huggingface_datasets_HuggingFaceM4___coco_2014_1.0.0_7dba4b1d9b12e588770263b87c2a1fd7b03072c0a0cf550c896dbd09bf2bb7f8.lock
23:57:16,106 fsspec.local DEBUG open file: /home/sandeepmukh/.cache/huggingface/datasets/HuggingFaceM4___coco/2014/1.0.0/7dba4b1d9b12e588770263b87c2a1fd7b03072c0a0cf550c896dbd09bf2bb7f8/dataset_info.json
23:57:16,106 filelock DEBUG Attempting to release lock 140458027369856 on /home/sandeepmukh/.cache/huggingface/datasets/_home_sandeepmukh_.cache_huggingface_datasets_HuggingFaceM4___coco_2014_1.0.0_7dba4b1d9b12e588770263b87c2a1fd7b03072c0a0cf550c896dbd09bf2bb7f8.lock
23:57:16,107 filelock DEBUG Lock 140458027369856 released on /home/sandeepmukh/.cache/huggingface/datasets/_home_sandeepmukh_.cache_huggingface_datasets_HuggingFaceM4___coco_2014_1.0.0_7dba4b1d9b12e588770263b87c2a1fd7b03072c0a0cf550c896dbd09bf2bb7f8.lock
23:57:16,151 filelock DEBUG Attempting to acquire lock 140457891297216 on /home/sandeepmukh/.cache/huggingface/modules/datasets_modules/datasets/HuggingFaceM4--COCO.lock
23:57:16,151 filelock DEBUG Lock 140457891297216 acquired on /home/sandeepmukh/.cache/huggingface/modules/datasets_modules/datasets/HuggingFaceM4--COCO.lock
23:57:16,159 filelock DEBUG Attempting to release lock 140457891297216 on /home/sandeepmukh/.cache/huggingface/modules/datasets_modules/datasets/HuggingFaceM4--COCO.lock
23:57:16,159 filelock DEBUG Lock 140457891297216 released on /home/sandeepmukh/.cache/huggingface/modules/datasets_modules/datasets/HuggingFaceM4--COCO.lock
23:57:16,160 filelock DEBUG Attempting to acquire lock 140458027377200 on /home/sandeepmukh/.cache/huggingface/datasets/HuggingFaceM4___coco/2014/1.0.0/7dba4b1d9b12e588770263b87c2a1fd7b03072c0a0cf550c896dbd09bf2bb7f8_builder.lock
23:57:16,160 filelock DEBUG Lock 140458027377200 acquired on /home/sandeepmukh/.cache/huggingface/datasets/HuggingFaceM4___coco/2014/1.0.0/7dba4b1d9b12e588770263b87c2a1fd7b03072c0a0cf550c896dbd09bf2bb7f8_builder.lock
23:57:16,160 fsspec.local DEBUG open file: /home/sandeepmukh/.cache/huggingface/datasets/HuggingFaceM4___coco/2014/1.0.0/7dba4b1d9b12e588770263b87c2a1fd7b03072c0a0cf550c896dbd09bf2bb7f8/dataset_info.json
23:57:16,161 filelock DEBUG Attempting to release lock 140458027377200 on /home/sandeepmukh/.cache/huggingface/datasets/HuggingFaceM4___coco/2014/1.0.0/7dba4b1d9b12e588770263b87c2a1fd7b03072c0a0cf550c896dbd09bf2bb7f8_builder.lock
23:57:16,161 filelock DEBUG Lock 140458027377200 released on /home/sandeepmukh/.cache/huggingface/datasets/HuggingFaceM4___coco/2014/1.0.0/7dba4b1d9b12e588770263b87c2a1fd7b03072c0a0cf550c896dbd09bf2bb7f8_builder.lock
23:57:58,229 urllib3.connectionpool DEBUG Starting new HTTPS connection (1): huggingface.co:443
23:57:58,428 urllib3.connectionpool DEBUG https://huggingface.co:443 "GET /api/datasets/HuggingFaceM4/COCO HTTP/1.1" 200 1683
23:57:58,546 urllib3.connectionpool DEBUG https://huggingface.co:443 "GET /api/datasets/HuggingFaceM4/COCO HTTP/1.1" 200 1683
23:57:58,636 urllib3.connectionpool DEBUG https://huggingface.co:443 "POST /api/datasets/HuggingFaceM4/COCO/paths-info/main HTTP/1.1" 200 495
23:57:58,756 urllib3.connectionpool DEBUG https://huggingface.co:443 "GET /datasets/HuggingFaceM4/COCO/resolve/main/COCO.py HTTP/1.1" 200 9475
23:57:58,758 urllib3.connectionpool DEBUG Starting new HTTPS connection (1): s3.amazonaws.com:443
23:57:59,62 urllib3.connectionpool DEBUG https://s3.amazonaws.com:443 "HEAD /datasets.huggingface.co/datasets/datasets/HuggingFaceM4/COCO/HuggingFaceM4/COCO.py HTTP/1.1" 404 0
23:57:59,67 urllib3.connectionpool DEBUG Starting new HTTPS connection (1): huggingface.co:443
23:57:59,243 urllib3.connectionpool DEBUG https://huggingface.co:443 "HEAD /datasets/HuggingFaceM4/COCO/resolve/main/COCO.py HTTP/1.1" 200 0
23:57:59,246 urllib3.connectionpool DEBUG Starting new HTTPS connection (1): huggingface.co:443
23:57:59,444 urllib3.connectionpool DEBUG https://huggingface.co:443 "HEAD /datasets/HuggingFaceM4/COCO/resolve/main/dataset_infos.json HTTP/1.1" 404 0
23:57:59,448 urllib3.connectionpool DEBUG Starting new HTTPS connection (1): huggingface.co:443
23:57:59,646 urllib3.connectionpool DEBUG https://huggingface.co:443 "HEAD /datasets/HuggingFaceM4/COCO/resolve/main/README.md HTTP/1.1" 200 0
23:57:59,658 filelock DEBUG Attempting to acquire lock 139665982320800 on /home/sandeepmukh/.cache/huggingface/modules/datasets_modules/datasets/HuggingFaceM4--COCO.lock
23:57:59,659 filelock DEBUG Lock 139665982320800 acquired on /home/sandeepmukh/.cache/huggingface/modules/datasets_modules/datasets/HuggingFaceM4--COCO.lock
23:57:59,660 filelock DEBUG Attempting to release lock 139665982320800 on /home/sandeepmukh/.cache/huggingface/modules/datasets_modules/datasets/HuggingFaceM4--COCO.lock
23:57:59,661 filelock DEBUG Lock 139665982320800 released on /home/sandeepmukh/.cache/huggingface/modules/datasets_modules/datasets/HuggingFaceM4--COCO.lock
23:57:59,662 filelock DEBUG Attempting to acquire lock 139663149581744 on /home/sandeepmukh/.cache/huggingface/datasets/_home_sandeepmukh_.cache_huggingface_datasets_HuggingFaceM4___coco_2014_1.0.0_7dba4b1d9b12e588770263b87c2a1fd7b03072c0a0cf550c896dbd09bf2bb7f8.lock
23:57:59,662 filelock DEBUG Lock 139663149581744 acquired on /home/sandeepmukh/.cache/huggingface/datasets/_home_sandeepmukh_.cache_huggingface_datasets_HuggingFaceM4___coco_2014_1.0.0_7dba4b1d9b12e588770263b87c2a1fd7b03072c0a0cf550c896dbd09bf2bb7f8.lock
23:57:59,662 fsspec.local DEBUG open file: /home/sandeepmukh/.cache/huggingface/datasets/HuggingFaceM4___coco/2014/1.0.0/7dba4b1d9b12e588770263b87c2a1fd7b03072c0a0cf550c896dbd09bf2bb7f8/dataset_info.json
23:57:59,663 filelock DEBUG Attempting to release lock 139663149581744 on /home/sandeepmukh/.cache/huggingface/datasets/_home_sandeepmukh_.cache_huggingface_datasets_HuggingFaceM4___coco_2014_1.0.0_7dba4b1d9b12e588770263b87c2a1fd7b03072c0a0cf550c896dbd09bf2bb7f8.lock
23:57:59,663 filelock DEBUG Lock 139663149581744 released on /home/sandeepmukh/.cache/huggingface/datasets/_home_sandeepmukh_.cache_huggingface_datasets_HuggingFaceM4___coco_2014_1.0.0_7dba4b1d9b12e588770263b87c2a1fd7b03072c0a0cf550c896dbd09bf2bb7f8.lock
23:57:59,687 filelock DEBUG Attempting to acquire lock 139663015229424 on /home/sandeepmukh/.cache/huggingface/modules/datasets_modules/datasets/HuggingFaceM4--COCO.lock
23:57:59,687 filelock DEBUG Lock 139663015229424 acquired on /home/sandeepmukh/.cache/huggingface/modules/datasets_modules/datasets/HuggingFaceM4--COCO.lock
23:57:59,697 filelock DEBUG Attempting to release lock 139663015229424 on /home/sandeepmukh/.cache/huggingface/modules/datasets_modules/datasets/HuggingFaceM4--COCO.lock
23:57:59,697 filelock DEBUG Lock 139663015229424 released on /home/sandeepmukh/.cache/huggingface/modules/datasets_modules/datasets/HuggingFaceM4--COCO.lock
23:57:59,698 filelock DEBUG Attempting to acquire lock 139663149589088 on /home/sandeepmukh/.cache/huggingface/datasets/HuggingFaceM4___coco/2014/1.0.0/7dba4b1d9b12e588770263b87c2a1fd7b03072c0a0cf550c896dbd09bf2bb7f8_builder.lock
23:57:59,698 filelock DEBUG Lock 139663149589088 acquired on /home/sandeepmukh/.cache/huggingface/datasets/HuggingFaceM4___coco/2014/1.0.0/7dba4b1d9b12e588770263b87c2a1fd7b03072c0a0cf550c896dbd09bf2bb7f8_builder.lock
23:57:59,698 fsspec.local DEBUG open file: /home/sandeepmukh/.cache/huggingface/datasets/HuggingFaceM4___coco/2014/1.0.0/7dba4b1d9b12e588770263b87c2a1fd7b03072c0a0cf550c896dbd09bf2bb7f8/dataset_info.json
23:57:59,698 filelock DEBUG Attempting to release lock 139663149589088 on /home/sandeepmukh/.cache/huggingface/datasets/HuggingFaceM4___coco/2014/1.0.0/7dba4b1d9b12e588770263b87c2a1fd7b03072c0a0cf550c896dbd09bf2bb7f8_builder.lock
23:57:59,698 filelock DEBUG Lock 139663149589088 released on /home/sandeepmukh/.cache/huggingface/datasets/HuggingFaceM4___coco/2014/1.0.0/7dba4b1d9b12e588770263b87c2a1fd7b03072c0a0cf550c896dbd09bf2bb7f8_builder.lock
23:57:59,738 root INFO Loaded ViT-H-14 model config.
23:58:08,175 urllib3.connectionpool DEBUG https://huggingface.co:443 "HEAD /laion/CLIP-ViT-H-14-laion2B-s32B-b79K/resolve/main/open_clip_pytorch_model.bin HTTP/1.1" 302 0
23:58:08,176 root INFO Loading pretrained ViT-H-14 weights (laion2b_s32b_b79k).
23:58:11,505 root INFO Loaded ViT-H-14 model config.
23:58:26,159 urllib3.connectionpool DEBUG https://huggingface.co:443 "HEAD /laion/CLIP-ViT-H-14-laion2B-s32B-b79K/resolve/main/open_clip_pytorch_model.bin HTTP/1.1" 302 0
23:58:26,161 root INFO Loading pretrained ViT-H-14 weights (laion2b_s32b_b79k).
23:59:23,322 urllib3.connectionpool DEBUG Starting new HTTPS connection (1): huggingface.co:443
23:59:23,528 urllib3.connectionpool DEBUG https://huggingface.co:443 "GET /api/datasets/HuggingFaceM4/COCO HTTP/1.1" 200 1683
23:59:23,623 urllib3.connectionpool DEBUG https://huggingface.co:443 "GET /api/datasets/HuggingFaceM4/COCO HTTP/1.1" 200 1683
23:59:23,761 urllib3.connectionpool DEBUG https://huggingface.co:443 "POST /api/datasets/HuggingFaceM4/COCO/paths-info/main HTTP/1.1" 200 495
23:59:23,846 urllib3.connectionpool DEBUG https://huggingface.co:443 "GET /datasets/HuggingFaceM4/COCO/resolve/main/COCO.py HTTP/1.1" 200 9475
23:59:23,848 urllib3.connectionpool DEBUG Starting new HTTPS connection (1): s3.amazonaws.com:443
23:59:24,144 urllib3.connectionpool DEBUG https://s3.amazonaws.com:443 "HEAD /datasets.huggingface.co/datasets/datasets/HuggingFaceM4/COCO/HuggingFaceM4/COCO.py HTTP/1.1" 404 0
23:59:24,151 urllib3.connectionpool DEBUG Starting new HTTPS connection (1): huggingface.co:443
23:59:24,363 urllib3.connectionpool DEBUG https://huggingface.co:443 "HEAD /datasets/HuggingFaceM4/COCO/resolve/main/COCO.py HTTP/1.1" 200 0
23:59:24,369 urllib3.connectionpool DEBUG Starting new HTTPS connection (1): huggingface.co:443
23:59:24,574 urllib3.connectionpool DEBUG https://huggingface.co:443 "HEAD /datasets/HuggingFaceM4/COCO/resolve/main/dataset_infos.json HTTP/1.1" 404 0
23:59:24,580 urllib3.connectionpool DEBUG Starting new HTTPS connection (1): huggingface.co:443
23:59:24,757 urllib3.connectionpool DEBUG https://huggingface.co:443 "HEAD /datasets/HuggingFaceM4/COCO/resolve/main/README.md HTTP/1.1" 200 0
23:59:24,772 filelock DEBUG Attempting to acquire lock 140083602254016 on /home/sandeepmukh/.cache/huggingface/modules/datasets_modules/datasets/HuggingFaceM4--COCO.lock
23:59:24,772 filelock DEBUG Lock 140083602254016 acquired on /home/sandeepmukh/.cache/huggingface/modules/datasets_modules/datasets/HuggingFaceM4--COCO.lock
23:59:24,775 filelock DEBUG Attempting to release lock 140083602254016 on /home/sandeepmukh/.cache/huggingface/modules/datasets_modules/datasets/HuggingFaceM4--COCO.lock
23:59:24,775 filelock DEBUG Lock 140083602254016 released on /home/sandeepmukh/.cache/huggingface/modules/datasets_modules/datasets/HuggingFaceM4--COCO.lock
23:59:24,777 filelock DEBUG Attempting to acquire lock 140080771016512 on /home/sandeepmukh/.cache/huggingface/datasets/_home_sandeepmukh_.cache_huggingface_datasets_HuggingFaceM4___coco_2014_1.0.0_7dba4b1d9b12e588770263b87c2a1fd7b03072c0a0cf550c896dbd09bf2bb7f8.lock
23:59:24,777 filelock DEBUG Lock 140080771016512 acquired on /home/sandeepmukh/.cache/huggingface/datasets/_home_sandeepmukh_.cache_huggingface_datasets_HuggingFaceM4___coco_2014_1.0.0_7dba4b1d9b12e588770263b87c2a1fd7b03072c0a0cf550c896dbd09bf2bb7f8.lock
23:59:24,777 fsspec.local DEBUG open file: /home/sandeepmukh/.cache/huggingface/datasets/HuggingFaceM4___coco/2014/1.0.0/7dba4b1d9b12e588770263b87c2a1fd7b03072c0a0cf550c896dbd09bf2bb7f8/dataset_info.json
23:59:24,778 filelock DEBUG Attempting to release lock 140080771016512 on /home/sandeepmukh/.cache/huggingface/datasets/_home_sandeepmukh_.cache_huggingface_datasets_HuggingFaceM4___coco_2014_1.0.0_7dba4b1d9b12e588770263b87c2a1fd7b03072c0a0cf550c896dbd09bf2bb7f8.lock
23:59:24,778 filelock DEBUG Lock 140080771016512 released on /home/sandeepmukh/.cache/huggingface/datasets/_home_sandeepmukh_.cache_huggingface_datasets_HuggingFaceM4___coco_2014_1.0.0_7dba4b1d9b12e588770263b87c2a1fd7b03072c0a0cf550c896dbd09bf2bb7f8.lock
23:59:24,801 filelock DEBUG Attempting to acquire lock 140080632623168 on /home/sandeepmukh/.cache/huggingface/modules/datasets_modules/datasets/HuggingFaceM4--COCO.lock
23:59:24,801 filelock DEBUG Lock 140080632623168 acquired on /home/sandeepmukh/.cache/huggingface/modules/datasets_modules/datasets/HuggingFaceM4--COCO.lock
23:59:24,807 filelock DEBUG Attempting to release lock 140080632623168 on /home/sandeepmukh/.cache/huggingface/modules/datasets_modules/datasets/HuggingFaceM4--COCO.lock
23:59:24,807 filelock DEBUG Lock 140080632623168 released on /home/sandeepmukh/.cache/huggingface/modules/datasets_modules/datasets/HuggingFaceM4--COCO.lock
23:59:24,808 filelock DEBUG Attempting to acquire lock 140080765704400 on /home/sandeepmukh/.cache/huggingface/datasets/HuggingFaceM4___coco/2014/1.0.0/7dba4b1d9b12e588770263b87c2a1fd7b03072c0a0cf550c896dbd09bf2bb7f8_builder.lock
23:59:24,808 filelock DEBUG Lock 140080765704400 acquired on /home/sandeepmukh/.cache/huggingface/datasets/HuggingFaceM4___coco/2014/1.0.0/7dba4b1d9b12e588770263b87c2a1fd7b03072c0a0cf550c896dbd09bf2bb7f8_builder.lock
23:59:24,808 fsspec.local DEBUG open file: /home/sandeepmukh/.cache/huggingface/datasets/HuggingFaceM4___coco/2014/1.0.0/7dba4b1d9b12e588770263b87c2a1fd7b03072c0a0cf550c896dbd09bf2bb7f8/dataset_info.json
23:59:24,809 filelock DEBUG Attempting to release lock 140080765704400 on /home/sandeepmukh/.cache/huggingface/datasets/HuggingFaceM4___coco/2014/1.0.0/7dba4b1d9b12e588770263b87c2a1fd7b03072c0a0cf550c896dbd09bf2bb7f8_builder.lock
23:59:24,809 filelock DEBUG Lock 140080765704400 released on /home/sandeepmukh/.cache/huggingface/datasets/HuggingFaceM4___coco/2014/1.0.0/7dba4b1d9b12e588770263b87c2a1fd7b03072c0a0cf550c896dbd09bf2bb7f8_builder.lock
23:59:24,834 root INFO Loaded ViT-H-14 model config.
23:59:38,316 urllib3.connectionpool DEBUG https://huggingface.co:443 "HEAD /laion/CLIP-ViT-H-14-laion2B-s32B-b79K/resolve/main/open_clip_pytorch_model.bin HTTP/1.1" 302 0
23:59:38,318 root INFO Loading pretrained ViT-H-14 weights (laion2b_s32b_b79k).
23:59:45,303 root INFO Loaded ViT-H-14 model config.
23:59:59,135 urllib3.connectionpool DEBUG https://huggingface.co:443 "HEAD /laion/CLIP-ViT-H-14-laion2B-s32B-b79K/resolve/main/open_clip_pytorch_model.bin HTTP/1.1" 302 0
23:59:59,137 root INFO Loading pretrained ViT-H-14 weights (laion2b_s32b_b79k).
00:00:16,927 PIL.TiffImagePlugin DEBUG tag: Make (271) - type: string (2) Tag Location: 22 - Data Location: 122 - value: b'NIKON CORPORATION\x00'
00:00:16,927 PIL.TiffImagePlugin DEBUG tag: Model (272) - type: string (2) Tag Location: 34 - Data Location: 140 - value: b'NIKON D3000\x00'
00:00:16,927 PIL.TiffImagePlugin DEBUG tag: XResolution (282) - type: rational (5) Tag Location: 46 - Data Location: 152 - value: b'\x00\x00\x01,\x00\x00\x00\x01'
00:00:16,927 PIL.TiffImagePlugin DEBUG tag: YResolution (283) - type: rational (5) Tag Location: 58 - Data Location: 160 - value: b'\x00\x00\x01,\x00\x00\x00\x01'
00:00:16,927 PIL.TiffImagePlugin DEBUG tag: ResolutionUnit (296) - type: short (3) - value: b'\x00\x02'
00:00:16,927 PIL.TiffImagePlugin DEBUG tag: Software (305) - type: string (2) Tag Location: 82 - Data Location: 168 - value: b'picnik.com\x00'
00:00:16,927 PIL.TiffImagePlugin DEBUG tag: DateTime (306) - type: string (2) Tag Location: 94 - Data Location: 180 - value: b'2010:02:16 04:35:46\x00'
00:00:16,927 PIL.TiffImagePlugin DEBUG tag: YCbCrPositioning (531) - type: short (3) - value: b'\x00\x01'
00:00:16,927 PIL.TiffImagePlugin DEBUG tag: ExifIFD (34665) - type: long (4) - value: b'\x00\x00\x00\xc8'
00:03:32,809 urllib3.connectionpool DEBUG Starting new HTTPS connection (1): huggingface.co:443
00:03:33,26 urllib3.connectionpool DEBUG https://huggingface.co:443 "GET /api/datasets/HuggingFaceM4/COCO HTTP/1.1" 200 1683
00:03:33,146 urllib3.connectionpool DEBUG https://huggingface.co:443 "GET /api/datasets/HuggingFaceM4/COCO HTTP/1.1" 200 1683
00:03:33,282 urllib3.connectionpool DEBUG https://huggingface.co:443 "POST /api/datasets/HuggingFaceM4/COCO/paths-info/main HTTP/1.1" 200 495
00:03:33,388 urllib3.connectionpool DEBUG https://huggingface.co:443 "GET /datasets/HuggingFaceM4/COCO/resolve/main/COCO.py HTTP/1.1" 200 9475
00:03:33,391 urllib3.connectionpool DEBUG Starting new HTTPS connection (1): s3.amazonaws.com:443
00:03:33,694 urllib3.connectionpool DEBUG https://s3.amazonaws.com:443 "HEAD /datasets.huggingface.co/datasets/datasets/HuggingFaceM4/COCO/HuggingFaceM4/COCO.py HTTP/1.1" 404 0
00:03:33,700 urllib3.connectionpool DEBUG Starting new HTTPS connection (1): huggingface.co:443
00:03:33,889 urllib3.connectionpool DEBUG https://huggingface.co:443 "HEAD /datasets/HuggingFaceM4/COCO/resolve/main/COCO.py HTTP/1.1" 200 0
00:03:33,896 urllib3.connectionpool DEBUG Starting new HTTPS connection (1): huggingface.co:443
00:03:34,86 urllib3.connectionpool DEBUG https://huggingface.co:443 "HEAD /datasets/HuggingFaceM4/COCO/resolve/main/dataset_infos.json HTTP/1.1" 404 0
00:03:34,91 urllib3.connectionpool DEBUG Starting new HTTPS connection (1): huggingface.co:443
00:03:34,279 urllib3.connectionpool DEBUG https://huggingface.co:443 "HEAD /datasets/HuggingFaceM4/COCO/resolve/main/README.md HTTP/1.1" 200 0
00:03:34,292 filelock DEBUG Attempting to acquire lock 139642185953200 on /home/sandeepmukh/.cache/huggingface/modules/datasets_modules/datasets/HuggingFaceM4--COCO.lock
00:03:34,293 filelock DEBUG Lock 139642185953200 acquired on /home/sandeepmukh/.cache/huggingface/modules/datasets_modules/datasets/HuggingFaceM4--COCO.lock
00:03:34,296 filelock DEBUG Attempting to release lock 139642185953200 on /home/sandeepmukh/.cache/huggingface/modules/datasets_modules/datasets/HuggingFaceM4--COCO.lock
00:03:34,296 filelock DEBUG Lock 139642185953200 released on /home/sandeepmukh/.cache/huggingface/modules/datasets_modules/datasets/HuggingFaceM4--COCO.lock
00:03:34,297 filelock DEBUG Attempting to acquire lock 139639422096752 on /home/sandeepmukh/.cache/huggingface/datasets/_home_sandeepmukh_.cache_huggingface_datasets_HuggingFaceM4___coco_2014_1.0.0_7dba4b1d9b12e588770263b87c2a1fd7b03072c0a0cf550c896dbd09bf2bb7f8.lock
00:03:34,297 filelock DEBUG Lock 139639422096752 acquired on /home/sandeepmukh/.cache/huggingface/datasets/_home_sandeepmukh_.cache_huggingface_datasets_HuggingFaceM4___coco_2014_1.0.0_7dba4b1d9b12e588770263b87c2a1fd7b03072c0a0cf550c896dbd09bf2bb7f8.lock
00:03:34,298 fsspec.local DEBUG open file: /home/sandeepmukh/.cache/huggingface/datasets/HuggingFaceM4___coco/2014/1.0.0/7dba4b1d9b12e588770263b87c2a1fd7b03072c0a0cf550c896dbd09bf2bb7f8/dataset_info.json
00:03:34,298 filelock DEBUG Attempting to release lock 139639422096752 on /home/sandeepmukh/.cache/huggingface/datasets/_home_sandeepmukh_.cache_huggingface_datasets_HuggingFaceM4___coco_2014_1.0.0_7dba4b1d9b12e588770263b87c2a1fd7b03072c0a0cf550c896dbd09bf2bb7f8.lock
00:03:34,298 filelock DEBUG Lock 139639422096752 released on /home/sandeepmukh/.cache/huggingface/datasets/_home_sandeepmukh_.cache_huggingface_datasets_HuggingFaceM4___coco_2014_1.0.0_7dba4b1d9b12e588770263b87c2a1fd7b03072c0a0cf550c896dbd09bf2bb7f8.lock
00:03:34,359 filelock DEBUG Attempting to acquire lock 139639286036320 on /home/sandeepmukh/.cache/huggingface/modules/datasets_modules/datasets/HuggingFaceM4--COCO.lock
00:03:34,359 filelock DEBUG Lock 139639286036320 acquired on /home/sandeepmukh/.cache/huggingface/modules/datasets_modules/datasets/HuggingFaceM4--COCO.lock
00:03:34,366 filelock DEBUG Attempting to release lock 139639286036320 on /home/sandeepmukh/.cache/huggingface/modules/datasets_modules/datasets/HuggingFaceM4--COCO.lock
00:03:34,366 filelock DEBUG Lock 139639286036320 released on /home/sandeepmukh/.cache/huggingface/modules/datasets_modules/datasets/HuggingFaceM4--COCO.lock
00:03:34,366 filelock DEBUG Attempting to acquire lock 139639422099920 on /home/sandeepmukh/.cache/huggingface/datasets/HuggingFaceM4___coco/2014/1.0.0/7dba4b1d9b12e588770263b87c2a1fd7b03072c0a0cf550c896dbd09bf2bb7f8_builder.lock
00:03:34,366 filelock DEBUG Lock 139639422099920 acquired on /home/sandeepmukh/.cache/huggingface/datasets/HuggingFaceM4___coco/2014/1.0.0/7dba4b1d9b12e588770263b87c2a1fd7b03072c0a0cf550c896dbd09bf2bb7f8_builder.lock
00:03:34,367 fsspec.local DEBUG open file: /home/sandeepmukh/.cache/huggingface/datasets/HuggingFaceM4___coco/2014/1.0.0/7dba4b1d9b12e588770263b87c2a1fd7b03072c0a0cf550c896dbd09bf2bb7f8/dataset_info.json
00:03:34,367 filelock DEBUG Attempting to release lock 139639422099920 on /home/sandeepmukh/.cache/huggingface/datasets/HuggingFaceM4___coco/2014/1.0.0/7dba4b1d9b12e588770263b87c2a1fd7b03072c0a0cf550c896dbd09bf2bb7f8_builder.lock
00:03:34,367 filelock DEBUG Lock 139639422099920 released on /home/sandeepmukh/.cache/huggingface/datasets/HuggingFaceM4___coco/2014/1.0.0/7dba4b1d9b12e588770263b87c2a1fd7b03072c0a0cf550c896dbd09bf2bb7f8_builder.lock
00:03:34,413 root INFO Loaded ViT-H-14 model config.
00:03:44,632 urllib3.connectionpool DEBUG https://huggingface.co:443 "HEAD /laion/CLIP-ViT-H-14-laion2B-s32B-b79K/resolve/main/open_clip_pytorch_model.bin HTTP/1.1" 302 0
00:03:44,634 root INFO Loading pretrained ViT-H-14 weights (laion2b_s32b_b79k).
00:03:49,310 root INFO Loaded ViT-H-14 model config.
00:04:01,637 urllib3.connectionpool DEBUG https://huggingface.co:443 "HEAD /laion/CLIP-ViT-H-14-laion2B-s32B-b79K/resolve/main/open_clip_pytorch_model.bin HTTP/1.1" 302 0
00:04:01,639 root INFO Loading pretrained ViT-H-14 weights (laion2b_s32b_b79k).
00:04:58,124 urllib3.connectionpool DEBUG Starting new HTTPS connection (1): huggingface.co:443
00:04:58,340 urllib3.connectionpool DEBUG https://huggingface.co:443 "GET /api/datasets/HuggingFaceM4/COCO HTTP/1.1" 200 1683
00:04:58,436 urllib3.connectionpool DEBUG https://huggingface.co:443 "GET /api/datasets/HuggingFaceM4/COCO HTTP/1.1" 200 1683
00:04:58,555 urllib3.connectionpool DEBUG https://huggingface.co:443 "POST /api/datasets/HuggingFaceM4/COCO/paths-info/main HTTP/1.1" 200 495
00:04:58,634 urllib3.connectionpool DEBUG https://huggingface.co:443 "GET /datasets/HuggingFaceM4/COCO/resolve/main/COCO.py HTTP/1.1" 200 9475
00:04:58,638 urllib3.connectionpool DEBUG Starting new HTTPS connection (1): s3.amazonaws.com:443
00:04:58,963 urllib3.connectionpool DEBUG https://s3.amazonaws.com:443 "HEAD /datasets.huggingface.co/datasets/datasets/HuggingFaceM4/COCO/HuggingFaceM4/COCO.py HTTP/1.1" 404 0
00:04:58,968 urllib3.connectionpool DEBUG Starting new HTTPS connection (1): huggingface.co:443
00:04:59,177 urllib3.connectionpool DEBUG https://huggingface.co:443 "HEAD /datasets/HuggingFaceM4/COCO/resolve/main/COCO.py HTTP/1.1" 200 0
00:04:59,191 urllib3.connectionpool DEBUG Starting new HTTPS connection (1): huggingface.co:443
00:04:59,396 urllib3.connectionpool DEBUG https://huggingface.co:443 "HEAD /datasets/HuggingFaceM4/COCO/resolve/main/dataset_infos.json HTTP/1.1" 404 0
00:04:59,400 urllib3.connectionpool DEBUG Starting new HTTPS connection (1): huggingface.co:443
00:04:59,587 urllib3.connectionpool DEBUG https://huggingface.co:443 "HEAD /datasets/HuggingFaceM4/COCO/resolve/main/README.md HTTP/1.1" 200 0
00:04:59,605 filelock DEBUG Attempting to acquire lock 139768572194640 on /home/sandeepmukh/.cache/huggingface/modules/datasets_modules/datasets/HuggingFaceM4--COCO.lock
00:04:59,606 filelock DEBUG Lock 139768572194640 acquired on /home/sandeepmukh/.cache/huggingface/modules/datasets_modules/datasets/HuggingFaceM4--COCO.lock
00:04:59,609 filelock DEBUG Attempting to release lock 139768572194640 on /home/sandeepmukh/.cache/huggingface/modules/datasets_modules/datasets/HuggingFaceM4--COCO.lock
00:04:59,609 filelock DEBUG Lock 139768572194640 released on /home/sandeepmukh/.cache/huggingface/modules/datasets_modules/datasets/HuggingFaceM4--COCO.lock
00:04:59,611 filelock DEBUG Attempting to acquire lock 139765741098064 on /home/sandeepmukh/.cache/huggingface/datasets/_home_sandeepmukh_.cache_huggingface_datasets_HuggingFaceM4___coco_2014_1.0.0_7dba4b1d9b12e588770263b87c2a1fd7b03072c0a0cf550c896dbd09bf2bb7f8.lock
00:04:59,611 filelock DEBUG Lock 139765741098064 acquired on /home/sandeepmukh/.cache/huggingface/datasets/_home_sandeepmukh_.cache_huggingface_datasets_HuggingFaceM4___coco_2014_1.0.0_7dba4b1d9b12e588770263b87c2a1fd7b03072c0a0cf550c896dbd09bf2bb7f8.lock
00:04:59,611 fsspec.local DEBUG open file: /home/sandeepmukh/.cache/huggingface/datasets/HuggingFaceM4___coco/2014/1.0.0/7dba4b1d9b12e588770263b87c2a1fd7b03072c0a0cf550c896dbd09bf2bb7f8/dataset_info.json
00:04:59,612 filelock DEBUG Attempting to release lock 139765741098064 on /home/sandeepmukh/.cache/huggingface/datasets/_home_sandeepmukh_.cache_huggingface_datasets_HuggingFaceM4___coco_2014_1.0.0_7dba4b1d9b12e588770263b87c2a1fd7b03072c0a0cf550c896dbd09bf2bb7f8.lock
00:04:59,612 filelock DEBUG Lock 139765741098064 released on /home/sandeepmukh/.cache/huggingface/datasets/_home_sandeepmukh_.cache_huggingface_datasets_HuggingFaceM4___coco_2014_1.0.0_7dba4b1d9b12e588770263b87c2a1fd7b03072c0a0cf550c896dbd09bf2bb7f8.lock
00:04:59,731 filelock DEBUG Attempting to acquire lock 139765602531024 on /home/sandeepmukh/.cache/huggingface/modules/datasets_modules/datasets/HuggingFaceM4--COCO.lock
00:04:59,737 filelock DEBUG Lock 139765602531024 acquired on /home/sandeepmukh/.cache/huggingface/modules/datasets_modules/datasets/HuggingFaceM4--COCO.lock
00:04:59,747 filelock DEBUG Attempting to release lock 139765602531024 on /home/sandeepmukh/.cache/huggingface/modules/datasets_modules/datasets/HuggingFaceM4--COCO.lock
00:04:59,747 filelock DEBUG Lock 139765602531024 released on /home/sandeepmukh/.cache/huggingface/modules/datasets_modules/datasets/HuggingFaceM4--COCO.lock
00:04:59,748 filelock DEBUG Attempting to acquire lock 139765741101376 on /home/sandeepmukh/.cache/huggingface/datasets/HuggingFaceM4___coco/2014/1.0.0/7dba4b1d9b12e588770263b87c2a1fd7b03072c0a0cf550c896dbd09bf2bb7f8_builder.lock
00:04:59,748 filelock DEBUG Lock 139765741101376 acquired on /home/sandeepmukh/.cache/huggingface/datasets/HuggingFaceM4___coco/2014/1.0.0/7dba4b1d9b12e588770263b87c2a1fd7b03072c0a0cf550c896dbd09bf2bb7f8_builder.lock
00:04:59,748 fsspec.local DEBUG open file: /home/sandeepmukh/.cache/huggingface/datasets/HuggingFaceM4___coco/2014/1.0.0/7dba4b1d9b12e588770263b87c2a1fd7b03072c0a0cf550c896dbd09bf2bb7f8/dataset_info.json
00:04:59,749 filelock DEBUG Attempting to release lock 139765741101376 on /home/sandeepmukh/.cache/huggingface/datasets/HuggingFaceM4___coco/2014/1.0.0/7dba4b1d9b12e588770263b87c2a1fd7b03072c0a0cf550c896dbd09bf2bb7f8_builder.lock
00:04:59,749 filelock DEBUG Lock 139765741101376 released on /home/sandeepmukh/.cache/huggingface/datasets/HuggingFaceM4___coco/2014/1.0.0/7dba4b1d9b12e588770263b87c2a1fd7b03072c0a0cf550c896dbd09bf2bb7f8_builder.lock
00:04:59,774 root INFO Loaded ViT-H-14 model config.
00:05:08,151 urllib3.connectionpool DEBUG https://huggingface.co:443 "HEAD /laion/CLIP-ViT-H-14-laion2B-s32B-b79K/resolve/main/open_clip_pytorch_model.bin HTTP/1.1" 302 0
00:05:08,152 root INFO Loading pretrained ViT-H-14 weights (laion2b_s32b_b79k).
00:05:11,154 root INFO Loaded ViT-H-14 model config.
00:05:20,399 urllib3.connectionpool DEBUG https://huggingface.co:443 "HEAD /laion/CLIP-ViT-H-14-laion2B-s32B-b79K/resolve/main/open_clip_pytorch_model.bin HTTP/1.1" 302 0
00:05:20,401 root INFO Loading pretrained ViT-H-14 weights (laion2b_s32b_b79k).
00:06:12,682 urllib3.connectionpool DEBUG Starting new HTTPS connection (1): huggingface.co:443
00:06:12,887 urllib3.connectionpool DEBUG https://huggingface.co:443 "GET /api/datasets/HuggingFaceM4/COCO HTTP/1.1" 200 1683
00:06:12,991 urllib3.connectionpool DEBUG https://huggingface.co:443 "GET /api/datasets/HuggingFaceM4/COCO HTTP/1.1" 200 1683
00:06:13,87 urllib3.connectionpool DEBUG https://huggingface.co:443 "POST /api/datasets/HuggingFaceM4/COCO/paths-info/main HTTP/1.1" 200 495
00:06:13,177 urllib3.connectionpool DEBUG https://huggingface.co:443 "GET /datasets/HuggingFaceM4/COCO/resolve/main/COCO.py HTTP/1.1" 200 9475
00:06:13,180 urllib3.connectionpool DEBUG Starting new HTTPS connection (1): s3.amazonaws.com:443
00:06:13,475 urllib3.connectionpool DEBUG https://s3.amazonaws.com:443 "HEAD /datasets.huggingface.co/datasets/datasets/HuggingFaceM4/COCO/HuggingFaceM4/COCO.py HTTP/1.1" 404 0
00:06:13,479 urllib3.connectionpool DEBUG Starting new HTTPS connection (1): huggingface.co:443
00:06:13,676 urllib3.connectionpool DEBUG https://huggingface.co:443 "HEAD /datasets/HuggingFaceM4/COCO/resolve/main/COCO.py HTTP/1.1" 200 0
00:06:13,682 urllib3.connectionpool DEBUG Starting new HTTPS connection (1): huggingface.co:443
00:06:13,884 urllib3.connectionpool DEBUG https://huggingface.co:443 "HEAD /datasets/HuggingFaceM4/COCO/resolve/main/dataset_infos.json HTTP/1.1" 404 0
00:06:13,889 urllib3.connectionpool DEBUG Starting new HTTPS connection (1): huggingface.co:443
00:06:14,77 urllib3.connectionpool DEBUG https://huggingface.co:443 "HEAD /datasets/HuggingFaceM4/COCO/resolve/main/README.md HTTP/1.1" 200 0
00:06:14,89 filelock DEBUG Attempting to acquire lock 140558596681600 on /home/sandeepmukh/.cache/huggingface/modules/datasets_modules/datasets/HuggingFaceM4--COCO.lock
00:06:14,89 filelock DEBUG Lock 140558596681600 acquired on /home/sandeepmukh/.cache/huggingface/modules/datasets_modules/datasets/HuggingFaceM4--COCO.lock
00:06:14,91 filelock DEBUG Attempting to release lock 140558596681600 on /home/sandeepmukh/.cache/huggingface/modules/datasets_modules/datasets/HuggingFaceM4--COCO.lock
00:06:14,91 filelock DEBUG Lock 140558596681600 released on /home/sandeepmukh/.cache/huggingface/modules/datasets_modules/datasets/HuggingFaceM4--COCO.lock
00:06:14,92 filelock DEBUG Attempting to acquire lock 140555765597232 on /home/sandeepmukh/.cache/huggingface/datasets/_home_sandeepmukh_.cache_huggingface_datasets_HuggingFaceM4___coco_2014_1.0.0_7dba4b1d9b12e588770263b87c2a1fd7b03072c0a0cf550c896dbd09bf2bb7f8.lock
00:06:14,92 filelock DEBUG Lock 140555765597232 acquired on /home/sandeepmukh/.cache/huggingface/datasets/_home_sandeepmukh_.cache_huggingface_datasets_HuggingFaceM4___coco_2014_1.0.0_7dba4b1d9b12e588770263b87c2a1fd7b03072c0a0cf550c896dbd09bf2bb7f8.lock
00:06:14,93 fsspec.local DEBUG open file: /home/sandeepmukh/.cache/huggingface/datasets/HuggingFaceM4___coco/2014/1.0.0/7dba4b1d9b12e588770263b87c2a1fd7b03072c0a0cf550c896dbd09bf2bb7f8/dataset_info.json
00:06:14,93 filelock DEBUG Attempting to release lock 140555765597232 on /home/sandeepmukh/.cache/huggingface/datasets/_home_sandeepmukh_.cache_huggingface_datasets_HuggingFaceM4___coco_2014_1.0.0_7dba4b1d9b12e588770263b87c2a1fd7b03072c0a0cf550c896dbd09bf2bb7f8.lock
00:06:14,93 filelock DEBUG Lock 140555765597232 released on /home/sandeepmukh/.cache/huggingface/datasets/_home_sandeepmukh_.cache_huggingface_datasets_HuggingFaceM4___coco_2014_1.0.0_7dba4b1d9b12e588770263b87c2a1fd7b03072c0a0cf550c896dbd09bf2bb7f8.lock
00:06:14,112 filelock DEBUG Attempting to acquire lock 140555627017840 on /home/sandeepmukh/.cache/huggingface/modules/datasets_modules/datasets/HuggingFaceM4--COCO.lock
00:06:14,112 filelock DEBUG Lock 140555627017840 acquired on /home/sandeepmukh/.cache/huggingface/modules/datasets_modules/datasets/HuggingFaceM4--COCO.lock
00:06:14,120 filelock DEBUG Attempting to release lock 140555627017840 on /home/sandeepmukh/.cache/huggingface/modules/datasets_modules/datasets/HuggingFaceM4--COCO.lock
00:06:14,120 filelock DEBUG Lock 140555627017840 released on /home/sandeepmukh/.cache/huggingface/modules/datasets_modules/datasets/HuggingFaceM4--COCO.lock
00:06:14,120 filelock DEBUG Attempting to acquire lock 140555765604576 on /home/sandeepmukh/.cache/huggingface/datasets/HuggingFaceM4___coco/2014/1.0.0/7dba4b1d9b12e588770263b87c2a1fd7b03072c0a0cf550c896dbd09bf2bb7f8_builder.lock
00:06:14,120 filelock DEBUG Lock 140555765604576 acquired on /home/sandeepmukh/.cache/huggingface/datasets/HuggingFaceM4___coco/2014/1.0.0/7dba4b1d9b12e588770263b87c2a1fd7b03072c0a0cf550c896dbd09bf2bb7f8_builder.lock
00:06:14,120 fsspec.local DEBUG open file: /home/sandeepmukh/.cache/huggingface/datasets/HuggingFaceM4___coco/2014/1.0.0/7dba4b1d9b12e588770263b87c2a1fd7b03072c0a0cf550c896dbd09bf2bb7f8/dataset_info.json
00:06:14,121 filelock DEBUG Attempting to release lock 140555765604576 on /home/sandeepmukh/.cache/huggingface/datasets/HuggingFaceM4___coco/2014/1.0.0/7dba4b1d9b12e588770263b87c2a1fd7b03072c0a0cf550c896dbd09bf2bb7f8_builder.lock
00:06:14,121 filelock DEBUG Lock 140555765604576 released on /home/sandeepmukh/.cache/huggingface/datasets/HuggingFaceM4___coco/2014/1.0.0/7dba4b1d9b12e588770263b87c2a1fd7b03072c0a0cf550c896dbd09bf2bb7f8_builder.lock
00:06:14,153 root INFO Loaded ViT-H-14 model config.
00:06:25,228 urllib3.connectionpool DEBUG https://huggingface.co:443 "HEAD /laion/CLIP-ViT-H-14-laion2B-s32B-b79K/resolve/main/open_clip_pytorch_model.bin HTTP/1.1" 302 0
00:06:25,229 root INFO Loading pretrained ViT-H-14 weights (laion2b_s32b_b79k).
00:06:30,785 root INFO Loaded ViT-H-14 model config.
00:06:43,217 urllib3.connectionpool DEBUG https://huggingface.co:443 "HEAD /laion/CLIP-ViT-H-14-laion2B-s32B-b79K/resolve/main/open_clip_pytorch_model.bin HTTP/1.1" 302 0
00:06:43,219 root INFO Loading pretrained ViT-H-14 weights (laion2b_s32b_b79k).
00:09:13,546 urllib3.connectionpool DEBUG Starting new HTTPS connection (1): huggingface.co:443
00:09:13,772 urllib3.connectionpool DEBUG https://huggingface.co:443 "GET /api/datasets/HuggingFaceM4/COCO HTTP/1.1" 200 1683
00:09:13,896 urllib3.connectionpool DEBUG https://huggingface.co:443 "GET /api/datasets/HuggingFaceM4/COCO HTTP/1.1" 200 1683
00:09:13,976 urllib3.connectionpool DEBUG https://huggingface.co:443 "POST /api/datasets/HuggingFaceM4/COCO/paths-info/main HTTP/1.1" 200 495
00:09:14,59 urllib3.connectionpool DEBUG https://huggingface.co:443 "GET /datasets/HuggingFaceM4/COCO/resolve/main/COCO.py HTTP/1.1" 200 9475
00:09:14,62 urllib3.connectionpool DEBUG Starting new HTTPS connection (1): s3.amazonaws.com:443
00:09:14,342 urllib3.connectionpool DEBUG https://s3.amazonaws.com:443 "HEAD /datasets.huggingface.co/datasets/datasets/HuggingFaceM4/COCO/HuggingFaceM4/COCO.py HTTP/1.1" 404 0
00:09:14,347 urllib3.connectionpool DEBUG Starting new HTTPS connection (1): huggingface.co:443
00:09:14,554 urllib3.connectionpool DEBUG https://huggingface.co:443 "HEAD /datasets/HuggingFaceM4/COCO/resolve/main/COCO.py HTTP/1.1" 200 0
00:09:14,559 urllib3.connectionpool DEBUG Starting new HTTPS connection (1): huggingface.co:443
00:09:14,767 urllib3.connectionpool DEBUG https://huggingface.co:443 "HEAD /datasets/HuggingFaceM4/COCO/resolve/main/dataset_infos.json HTTP/1.1" 404 0
00:09:14,770 urllib3.connectionpool DEBUG Starting new HTTPS connection (1): huggingface.co:443
00:09:14,946 urllib3.connectionpool DEBUG https://huggingface.co:443 "HEAD /datasets/HuggingFaceM4/COCO/resolve/main/README.md HTTP/1.1" 200 0
00:09:14,956 filelock DEBUG Attempting to acquire lock 140452066111456 on /home/sandeepmukh/.cache/huggingface/modules/datasets_modules/datasets/HuggingFaceM4--COCO.lock
00:09:14,956 filelock DEBUG Lock 140452066111456 acquired on /home/sandeepmukh/.cache/huggingface/modules/datasets_modules/datasets/HuggingFaceM4--COCO.lock
00:09:14,958 filelock DEBUG Attempting to release lock 140452066111456 on /home/sandeepmukh/.cache/huggingface/modules/datasets_modules/datasets/HuggingFaceM4--COCO.lock
00:09:14,958 filelock DEBUG Lock 140452066111456 released on /home/sandeepmukh/.cache/huggingface/modules/datasets_modules/datasets/HuggingFaceM4--COCO.lock
00:09:14,959 filelock DEBUG Attempting to acquire lock 140449302201680 on /home/sandeepmukh/.cache/huggingface/datasets/_home_sandeepmukh_.cache_huggingface_datasets_HuggingFaceM4___coco_2014_1.0.0_7dba4b1d9b12e588770263b87c2a1fd7b03072c0a0cf550c896dbd09bf2bb7f8.lock
00:09:14,960 filelock DEBUG Lock 140449302201680 acquired on /home/sandeepmukh/.cache/huggingface/datasets/_home_sandeepmukh_.cache_huggingface_datasets_HuggingFaceM4___coco_2014_1.0.0_7dba4b1d9b12e588770263b87c2a1fd7b03072c0a0cf550c896dbd09bf2bb7f8.lock
00:09:14,960 fsspec.local DEBUG open file: /home/sandeepmukh/.cache/huggingface/datasets/HuggingFaceM4___coco/2014/1.0.0/7dba4b1d9b12e588770263b87c2a1fd7b03072c0a0cf550c896dbd09bf2bb7f8/dataset_info.json
00:09:14,960 filelock DEBUG Attempting to release lock 140449302201680 on /home/sandeepmukh/.cache/huggingface/datasets/_home_sandeepmukh_.cache_huggingface_datasets_HuggingFaceM4___coco_2014_1.0.0_7dba4b1d9b12e588770263b87c2a1fd7b03072c0a0cf550c896dbd09bf2bb7f8.lock
00:09:14,960 filelock DEBUG Lock 140449302201680 released on /home/sandeepmukh/.cache/huggingface/datasets/_home_sandeepmukh_.cache_huggingface_datasets_HuggingFaceM4___coco_2014_1.0.0_7dba4b1d9b12e588770263b87c2a1fd7b03072c0a0cf550c896dbd09bf2bb7f8.lock
00:09:14,980 filelock DEBUG Attempting to acquire lock 140448894302096 on /home/sandeepmukh/.cache/huggingface/modules/datasets_modules/datasets/HuggingFaceM4--COCO.lock
00:09:14,981 filelock DEBUG Lock 140448894302096 acquired on /home/sandeepmukh/.cache/huggingface/modules/datasets_modules/datasets/HuggingFaceM4--COCO.lock
00:09:14,988 filelock DEBUG Attempting to release lock 140448894302096 on /home/sandeepmukh/.cache/huggingface/modules/datasets_modules/datasets/HuggingFaceM4--COCO.lock
00:09:14,988 filelock DEBUG Lock 140448894302096 released on /home/sandeepmukh/.cache/huggingface/modules/datasets_modules/datasets/HuggingFaceM4--COCO.lock
00:09:14,988 filelock DEBUG Attempting to acquire lock 140449302209024 on /home/sandeepmukh/.cache/huggingface/datasets/HuggingFaceM4___coco/2014/1.0.0/7dba4b1d9b12e588770263b87c2a1fd7b03072c0a0cf550c896dbd09bf2bb7f8_builder.lock
00:09:14,988 filelock DEBUG Lock 140449302209024 acquired on /home/sandeepmukh/.cache/huggingface/datasets/HuggingFaceM4___coco/2014/1.0.0/7dba4b1d9b12e588770263b87c2a1fd7b03072c0a0cf550c896dbd09bf2bb7f8_builder.lock
00:09:14,989 fsspec.local DEBUG open file: /home/sandeepmukh/.cache/huggingface/datasets/HuggingFaceM4___coco/2014/1.0.0/7dba4b1d9b12e588770263b87c2a1fd7b03072c0a0cf550c896dbd09bf2bb7f8/dataset_info.json
00:09:14,989 filelock DEBUG Attempting to release lock 140449302209024 on /home/sandeepmukh/.cache/huggingface/datasets/HuggingFaceM4___coco/2014/1.0.0/7dba4b1d9b12e588770263b87c2a1fd7b03072c0a0cf550c896dbd09bf2bb7f8_builder.lock
00:09:14,989 filelock DEBUG Lock 140449302209024 released on /home/sandeepmukh/.cache/huggingface/datasets/HuggingFaceM4___coco/2014/1.0.0/7dba4b1d9b12e588770263b87c2a1fd7b03072c0a0cf550c896dbd09bf2bb7f8_builder.lock
00:09:15,15 root INFO Loaded ViT-H-14 model config.
00:09:24,56 urllib3.connectionpool DEBUG https://huggingface.co:443 "HEAD /laion/CLIP-ViT-H-14-laion2B-s32B-b79K/resolve/main/open_clip_pytorch_model.bin HTTP/1.1" 302 0
00:09:24,58 root INFO Loading pretrained ViT-H-14 weights (laion2b_s32b_b79k).
00:09:27,272 root INFO Loaded ViT-H-14 model config.
00:09:39,783 urllib3.connectionpool DEBUG https://huggingface.co:443 "HEAD /laion/CLIP-ViT-H-14-laion2B-s32B-b79K/resolve/main/open_clip_pytorch_model.bin HTTP/1.1" 302 0
00:09:39,785 root INFO Loading pretrained ViT-H-14 weights (laion2b_s32b_b79k).
00:09:50,810 root INFO Train 0/500 Loss: 0.5838139057159424, Time: 0.6827197074890137(s), Frequency: 1.4647299455847216(fps)
00:11:12,517 urllib3.connectionpool DEBUG Starting new HTTPS connection (1): huggingface.co:443
00:11:12,723 urllib3.connectionpool DEBUG https://huggingface.co:443 "GET /api/datasets/HuggingFaceM4/COCO HTTP/1.1" 200 1683
00:11:12,831 urllib3.connectionpool DEBUG https://huggingface.co:443 "GET /api/datasets/HuggingFaceM4/COCO HTTP/1.1" 200 1683
00:11:12,915 urllib3.connectionpool DEBUG https://huggingface.co:443 "POST /api/datasets/HuggingFaceM4/COCO/paths-info/main HTTP/1.1" 200 495
00:11:13,7 urllib3.connectionpool DEBUG https://huggingface.co:443 "GET /datasets/HuggingFaceM4/COCO/resolve/main/COCO.py HTTP/1.1" 200 9475
00:11:13,9 urllib3.connectionpool DEBUG Starting new HTTPS connection (1): s3.amazonaws.com:443
00:11:13,311 urllib3.connectionpool DEBUG https://s3.amazonaws.com:443 "HEAD /datasets.huggingface.co/datasets/datasets/HuggingFaceM4/COCO/HuggingFaceM4/COCO.py HTTP/1.1" 404 0
00:11:13,316 urllib3.connectionpool DEBUG Starting new HTTPS connection (1): huggingface.co:443
00:11:13,505 urllib3.connectionpool DEBUG https://huggingface.co:443 "HEAD /datasets/HuggingFaceM4/COCO/resolve/main/COCO.py HTTP/1.1" 200 0
00:11:13,515 urllib3.connectionpool DEBUG Starting new HTTPS connection (1): huggingface.co:443
00:11:13,717 urllib3.connectionpool DEBUG https://huggingface.co:443 "HEAD /datasets/HuggingFaceM4/COCO/resolve/main/dataset_infos.json HTTP/1.1" 404 0
00:11:13,722 urllib3.connectionpool DEBUG Starting new HTTPS connection (1): huggingface.co:443
00:11:13,887 urllib3.connectionpool DEBUG https://huggingface.co:443 "HEAD /datasets/HuggingFaceM4/COCO/resolve/main/README.md HTTP/1.1" 200 0
00:11:13,899 filelock DEBUG Attempting to acquire lock 140346682468832 on /home/sandeepmukh/.cache/huggingface/modules/datasets_modules/datasets/HuggingFaceM4--COCO.lock
00:11:13,899 filelock DEBUG Lock 140346682468832 acquired on /home/sandeepmukh/.cache/huggingface/modules/datasets_modules/datasets/HuggingFaceM4--COCO.lock
00:11:13,901 filelock DEBUG Attempting to release lock 140346682468832 on /home/sandeepmukh/.cache/huggingface/modules/datasets_modules/datasets/HuggingFaceM4--COCO.lock
00:11:13,901 filelock DEBUG Lock 140346682468832 released on /home/sandeepmukh/.cache/huggingface/modules/datasets_modules/datasets/HuggingFaceM4--COCO.lock
00:11:13,902 filelock DEBUG Attempting to acquire lock 140343916753344 on /home/sandeepmukh/.cache/huggingface/datasets/_home_sandeepmukh_.cache_huggingface_datasets_HuggingFaceM4___coco_2014_1.0.0_7dba4b1d9b12e588770263b87c2a1fd7b03072c0a0cf550c896dbd09bf2bb7f8.lock
00:11:13,902 filelock DEBUG Lock 140343916753344 acquired on /home/sandeepmukh/.cache/huggingface/datasets/_home_sandeepmukh_.cache_huggingface_datasets_HuggingFaceM4___coco_2014_1.0.0_7dba4b1d9b12e588770263b87c2a1fd7b03072c0a0cf550c896dbd09bf2bb7f8.lock
00:11:13,903 fsspec.local DEBUG open file: /home/sandeepmukh/.cache/huggingface/datasets/HuggingFaceM4___coco/2014/1.0.0/7dba4b1d9b12e588770263b87c2a1fd7b03072c0a0cf550c896dbd09bf2bb7f8/dataset_info.json
00:11:13,903 filelock DEBUG Attempting to release lock 140343916753344 on /home/sandeepmukh/.cache/huggingface/datasets/_home_sandeepmukh_.cache_huggingface_datasets_HuggingFaceM4___coco_2014_1.0.0_7dba4b1d9b12e588770263b87c2a1fd7b03072c0a0cf550c896dbd09bf2bb7f8.lock
00:11:13,903 filelock DEBUG Lock 140343916753344 released on /home/sandeepmukh/.cache/huggingface/datasets/_home_sandeepmukh_.cache_huggingface_datasets_HuggingFaceM4___coco_2014_1.0.0_7dba4b1d9b12e588770263b87c2a1fd7b03072c0a0cf550c896dbd09bf2bb7f8.lock
00:11:13,923 filelock DEBUG Attempting to acquire lock 140343782568384 on /home/sandeepmukh/.cache/huggingface/modules/datasets_modules/datasets/HuggingFaceM4--COCO.lock
00:11:13,923 filelock DEBUG Lock 140343782568384 acquired on /home/sandeepmukh/.cache/huggingface/modules/datasets_modules/datasets/HuggingFaceM4--COCO.lock
00:11:13,930 filelock DEBUG Attempting to release lock 140343782568384 on /home/sandeepmukh/.cache/huggingface/modules/datasets_modules/datasets/HuggingFaceM4--COCO.lock
00:11:13,930 filelock DEBUG Lock 140343782568384 released on /home/sandeepmukh/.cache/huggingface/modules/datasets_modules/datasets/HuggingFaceM4--COCO.lock
00:11:13,930 filelock DEBUG Attempting to acquire lock 140343916911136 on /home/sandeepmukh/.cache/huggingface/datasets/HuggingFaceM4___coco/2014/1.0.0/7dba4b1d9b12e588770263b87c2a1fd7b03072c0a0cf550c896dbd09bf2bb7f8_builder.lock
00:11:13,930 filelock DEBUG Lock 140343916911136 acquired on /home/sandeepmukh/.cache/huggingface/datasets/HuggingFaceM4___coco/2014/1.0.0/7dba4b1d9b12e588770263b87c2a1fd7b03072c0a0cf550c896dbd09bf2bb7f8_builder.lock
00:11:13,931 fsspec.local DEBUG open file: /home/sandeepmukh/.cache/huggingface/datasets/HuggingFaceM4___coco/2014/1.0.0/7dba4b1d9b12e588770263b87c2a1fd7b03072c0a0cf550c896dbd09bf2bb7f8/dataset_info.json
00:11:13,931 filelock DEBUG Attempting to release lock 140343916911136 on /home/sandeepmukh/.cache/huggingface/datasets/HuggingFaceM4___coco/2014/1.0.0/7dba4b1d9b12e588770263b87c2a1fd7b03072c0a0cf550c896dbd09bf2bb7f8_builder.lock
00:11:13,931 filelock DEBUG Lock 140343916911136 released on /home/sandeepmukh/.cache/huggingface/datasets/HuggingFaceM4___coco/2014/1.0.0/7dba4b1d9b12e588770263b87c2a1fd7b03072c0a0cf550c896dbd09bf2bb7f8_builder.lock
00:11:45,788 urllib3.connectionpool DEBUG Starting new HTTPS connection (1): huggingface.co:443
00:11:46,6 urllib3.connectionpool DEBUG https://huggingface.co:443 "GET /api/datasets/HuggingFaceM4/COCO HTTP/1.1" 200 1683
00:11:46,226 urllib3.connectionpool DEBUG https://huggingface.co:443 "GET /api/datasets/HuggingFaceM4/COCO HTTP/1.1" 200 1683
00:11:46,331 urllib3.connectionpool DEBUG https://huggingface.co:443 "POST /api/datasets/HuggingFaceM4/COCO/paths-info/main HTTP/1.1" 200 495
00:11:46,426 urllib3.connectionpool DEBUG https://huggingface.co:443 "GET /datasets/HuggingFaceM4/COCO/resolve/main/COCO.py HTTP/1.1" 200 9475
00:11:46,428 urllib3.connectionpool DEBUG Starting new HTTPS connection (1): s3.amazonaws.com:443
00:11:46,735 urllib3.connectionpool DEBUG https://s3.amazonaws.com:443 "HEAD /datasets.huggingface.co/datasets/datasets/HuggingFaceM4/COCO/HuggingFaceM4/COCO.py HTTP/1.1" 404 0
00:11:46,740 urllib3.connectionpool DEBUG Starting new HTTPS connection (1): huggingface.co:443
00:11:46,943 urllib3.connectionpool DEBUG https://huggingface.co:443 "HEAD /datasets/HuggingFaceM4/COCO/resolve/main/COCO.py HTTP/1.1" 200 0
00:11:46,948 urllib3.connectionpool DEBUG Starting new HTTPS connection (1): huggingface.co:443
00:11:47,162 urllib3.connectionpool DEBUG https://huggingface.co:443 "HEAD /datasets/HuggingFaceM4/COCO/resolve/main/dataset_infos.json HTTP/1.1" 404 0
00:11:47,167 urllib3.connectionpool DEBUG Starting new HTTPS connection (1): huggingface.co:443
00:11:47,411 urllib3.connectionpool DEBUG https://huggingface.co:443 "HEAD /datasets/HuggingFaceM4/COCO/resolve/main/README.md HTTP/1.1" 200 0
00:11:47,424 filelock DEBUG Attempting to acquire lock 140677018200592 on /home/sandeepmukh/.cache/huggingface/modules/datasets_modules/datasets/HuggingFaceM4--COCO.lock
00:11:47,424 filelock DEBUG Lock 140677018200592 acquired on /home/sandeepmukh/.cache/huggingface/modules/datasets_modules/datasets/HuggingFaceM4--COCO.lock
00:11:47,426 filelock DEBUG Attempting to release lock 140677018200592 on /home/sandeepmukh/.cache/huggingface/modules/datasets_modules/datasets/HuggingFaceM4--COCO.lock
00:11:47,426 filelock DEBUG Lock 140677018200592 released on /home/sandeepmukh/.cache/huggingface/modules/datasets_modules/datasets/HuggingFaceM4--COCO.lock
00:11:47,427 filelock DEBUG Attempting to acquire lock 140674254352544 on /home/sandeepmukh/.cache/huggingface/datasets/_home_sandeepmukh_.cache_huggingface_datasets_HuggingFaceM4___coco_2014_1.0.0_7dba4b1d9b12e588770263b87c2a1fd7b03072c0a0cf550c896dbd09bf2bb7f8.lock
00:11:47,428 filelock DEBUG Lock 140674254352544 acquired on /home/sandeepmukh/.cache/huggingface/datasets/_home_sandeepmukh_.cache_huggingface_datasets_HuggingFaceM4___coco_2014_1.0.0_7dba4b1d9b12e588770263b87c2a1fd7b03072c0a0cf550c896dbd09bf2bb7f8.lock
00:11:47,428 fsspec.local DEBUG open file: /home/sandeepmukh/.cache/huggingface/datasets/HuggingFaceM4___coco/2014/1.0.0/7dba4b1d9b12e588770263b87c2a1fd7b03072c0a0cf550c896dbd09bf2bb7f8/dataset_info.json
00:11:47,429 filelock DEBUG Attempting to release lock 140674254352544 on /home/sandeepmukh/.cache/huggingface/datasets/_home_sandeepmukh_.cache_huggingface_datasets_HuggingFaceM4___coco_2014_1.0.0_7dba4b1d9b12e588770263b87c2a1fd7b03072c0a0cf550c896dbd09bf2bb7f8.lock
00:11:47,429 filelock DEBUG Lock 140674254352544 released on /home/sandeepmukh/.cache/huggingface/datasets/_home_sandeepmukh_.cache_huggingface_datasets_HuggingFaceM4___coco_2014_1.0.0_7dba4b1d9b12e588770263b87c2a1fd7b03072c0a0cf550c896dbd09bf2bb7f8.lock
00:11:47,450 filelock DEBUG Attempting to acquire lock 140674138091632 on /home/sandeepmukh/.cache/huggingface/modules/datasets_modules/datasets/HuggingFaceM4--COCO.lock
00:11:47,451 filelock DEBUG Lock 140674138091632 acquired on /home/sandeepmukh/.cache/huggingface/modules/datasets_modules/datasets/HuggingFaceM4--COCO.lock
00:11:47,458 filelock DEBUG Attempting to release lock 140674138091632 on /home/sandeepmukh/.cache/huggingface/modules/datasets_modules/datasets/HuggingFaceM4--COCO.lock
00:11:47,458 filelock DEBUG Lock 140674138091632 released on /home/sandeepmukh/.cache/huggingface/modules/datasets_modules/datasets/HuggingFaceM4--COCO.lock
00:11:47,458 filelock DEBUG Attempting to acquire lock 140674249005312 on /home/sandeepmukh/.cache/huggingface/datasets/HuggingFaceM4___coco/2014/1.0.0/7dba4b1d9b12e588770263b87c2a1fd7b03072c0a0cf550c896dbd09bf2bb7f8_builder.lock
00:11:47,459 filelock DEBUG Lock 140674249005312 acquired on /home/sandeepmukh/.cache/huggingface/datasets/HuggingFaceM4___coco/2014/1.0.0/7dba4b1d9b12e588770263b87c2a1fd7b03072c0a0cf550c896dbd09bf2bb7f8_builder.lock
00:11:47,459 fsspec.local DEBUG open file: /home/sandeepmukh/.cache/huggingface/datasets/HuggingFaceM4___coco/2014/1.0.0/7dba4b1d9b12e588770263b87c2a1fd7b03072c0a0cf550c896dbd09bf2bb7f8/dataset_info.json
00:11:47,459 filelock DEBUG Attempting to release lock 140674249005312 on /home/sandeepmukh/.cache/huggingface/datasets/HuggingFaceM4___coco/2014/1.0.0/7dba4b1d9b12e588770263b87c2a1fd7b03072c0a0cf550c896dbd09bf2bb7f8_builder.lock
00:11:47,459 filelock DEBUG Lock 140674249005312 released on /home/sandeepmukh/.cache/huggingface/datasets/HuggingFaceM4___coco/2014/1.0.0/7dba4b1d9b12e588770263b87c2a1fd7b03072c0a0cf550c896dbd09bf2bb7f8_builder.lock
00:11:47,484 root INFO Loaded ViT-H-14 model config.
00:12:00,207 urllib3.connectionpool DEBUG Starting new HTTPS connection (1): huggingface.co:443
00:12:00,413 urllib3.connectionpool DEBUG https://huggingface.co:443 "GET /api/datasets/HuggingFaceM4/COCO HTTP/1.1" 200 1683
00:12:00,506 urllib3.connectionpool DEBUG https://huggingface.co:443 "GET /api/datasets/HuggingFaceM4/COCO HTTP/1.1" 200 1683
00:12:00,592 urllib3.connectionpool DEBUG https://huggingface.co:443 "POST /api/datasets/HuggingFaceM4/COCO/paths-info/main HTTP/1.1" 200 495
00:12:00,690 urllib3.connectionpool DEBUG https://huggingface.co:443 "GET /datasets/HuggingFaceM4/COCO/resolve/main/COCO.py HTTP/1.1" 200 9475
00:12:00,692 urllib3.connectionpool DEBUG Starting new HTTPS connection (1): s3.amazonaws.com:443
00:12:00,989 urllib3.connectionpool DEBUG https://s3.amazonaws.com:443 "HEAD /datasets.huggingface.co/datasets/datasets/HuggingFaceM4/COCO/HuggingFaceM4/COCO.py HTTP/1.1" 404 0
00:12:00,993 urllib3.connectionpool DEBUG Starting new HTTPS connection (1): huggingface.co:443
00:12:01,163 urllib3.connectionpool DEBUG https://huggingface.co:443 "HEAD /datasets/HuggingFaceM4/COCO/resolve/main/COCO.py HTTP/1.1" 200 0
00:12:01,168 urllib3.connectionpool DEBUG Starting new HTTPS connection (1): huggingface.co:443
00:12:01,359 urllib3.connectionpool DEBUG https://huggingface.co:443 "HEAD /datasets/HuggingFaceM4/COCO/resolve/main/dataset_infos.json HTTP/1.1" 404 0
00:12:01,363 urllib3.connectionpool DEBUG Starting new HTTPS connection (1): huggingface.co:443
00:12:01,534 urllib3.connectionpool DEBUG https://huggingface.co:443 "HEAD /datasets/HuggingFaceM4/COCO/resolve/main/README.md HTTP/1.1" 200 0
00:12:01,544 filelock DEBUG Attempting to acquire lock 140543863155168 on /home/sandeepmukh/.cache/huggingface/modules/datasets_modules/datasets/HuggingFaceM4--COCO.lock
00:12:01,544 filelock DEBUG Lock 140543863155168 acquired on /home/sandeepmukh/.cache/huggingface/modules/datasets_modules/datasets/HuggingFaceM4--COCO.lock
00:12:01,546 filelock DEBUG Attempting to release lock 140543863155168 on /home/sandeepmukh/.cache/huggingface/modules/datasets_modules/datasets/HuggingFaceM4--COCO.lock
00:12:01,546 filelock DEBUG Lock 140543863155168 released on /home/sandeepmukh/.cache/huggingface/modules/datasets_modules/datasets/HuggingFaceM4--COCO.lock
00:12:01,547 filelock DEBUG Attempting to acquire lock 140541098228320 on /home/sandeepmukh/.cache/huggingface/datasets/_home_sandeepmukh_.cache_huggingface_datasets_HuggingFaceM4___coco_2014_1.0.0_7dba4b1d9b12e588770263b87c2a1fd7b03072c0a0cf550c896dbd09bf2bb7f8.lock
00:12:01,547 filelock DEBUG Lock 140541098228320 acquired on /home/sandeepmukh/.cache/huggingface/datasets/_home_sandeepmukh_.cache_huggingface_datasets_HuggingFaceM4___coco_2014_1.0.0_7dba4b1d9b12e588770263b87c2a1fd7b03072c0a0cf550c896dbd09bf2bb7f8.lock
00:12:01,548 fsspec.local DEBUG open file: /home/sandeepmukh/.cache/huggingface/datasets/HuggingFaceM4___coco/2014/1.0.0/7dba4b1d9b12e588770263b87c2a1fd7b03072c0a0cf550c896dbd09bf2bb7f8/dataset_info.json
00:12:01,548 filelock DEBUG Attempting to release lock 140541098228320 on /home/sandeepmukh/.cache/huggingface/datasets/_home_sandeepmukh_.cache_huggingface_datasets_HuggingFaceM4___coco_2014_1.0.0_7dba4b1d9b12e588770263b87c2a1fd7b03072c0a0cf550c896dbd09bf2bb7f8.lock
00:12:01,548 filelock DEBUG Lock 140541098228320 released on /home/sandeepmukh/.cache/huggingface/datasets/_home_sandeepmukh_.cache_huggingface_datasets_HuggingFaceM4___coco_2014_1.0.0_7dba4b1d9b12e588770263b87c2a1fd7b03072c0a0cf550c896dbd09bf2bb7f8.lock
00:12:01,566 filelock DEBUG Attempting to acquire lock 140540962943232 on /home/sandeepmukh/.cache/huggingface/modules/datasets_modules/datasets/HuggingFaceM4--COCO.lock
00:12:01,566 filelock DEBUG Lock 140540962943232 acquired on /home/sandeepmukh/.cache/huggingface/modules/datasets_modules/datasets/HuggingFaceM4--COCO.lock
00:12:01,572 filelock DEBUG Attempting to release lock 140540962943232 on /home/sandeepmukh/.cache/huggingface/modules/datasets_modules/datasets/HuggingFaceM4--COCO.lock
00:12:01,572 filelock DEBUG Lock 140540962943232 released on /home/sandeepmukh/.cache/huggingface/modules/datasets_modules/datasets/HuggingFaceM4--COCO.lock
00:12:01,572 filelock DEBUG Attempting to acquire lock 140541098400144 on /home/sandeepmukh/.cache/huggingface/datasets/HuggingFaceM4___coco/2014/1.0.0/7dba4b1d9b12e588770263b87c2a1fd7b03072c0a0cf550c896dbd09bf2bb7f8_builder.lock
00:12:01,572 filelock DEBUG Lock 140541098400144 acquired on /home/sandeepmukh/.cache/huggingface/datasets/HuggingFaceM4___coco/2014/1.0.0/7dba4b1d9b12e588770263b87c2a1fd7b03072c0a0cf550c896dbd09bf2bb7f8_builder.lock
00:12:01,572 fsspec.local DEBUG open file: /home/sandeepmukh/.cache/huggingface/datasets/HuggingFaceM4___coco/2014/1.0.0/7dba4b1d9b12e588770263b87c2a1fd7b03072c0a0cf550c896dbd09bf2bb7f8/dataset_info.json
00:12:01,573 filelock DEBUG Attempting to release lock 140541098400144 on /home/sandeepmukh/.cache/huggingface/datasets/HuggingFaceM4___coco/2014/1.0.0/7dba4b1d9b12e588770263b87c2a1fd7b03072c0a0cf550c896dbd09bf2bb7f8_builder.lock
00:12:01,573 filelock DEBUG Lock 140541098400144 released on /home/sandeepmukh/.cache/huggingface/datasets/HuggingFaceM4___coco/2014/1.0.0/7dba4b1d9b12e588770263b87c2a1fd7b03072c0a0cf550c896dbd09bf2bb7f8_builder.lock
00:12:01,596 root INFO Loaded ViT-H-14 model config.
00:12:12,370 urllib3.connectionpool DEBUG https://huggingface.co:443 "HEAD /laion/CLIP-ViT-H-14-laion2B-s32B-b79K/resolve/main/open_clip_pytorch_model.bin HTTP/1.1" 302 0
00:12:12,372 root INFO Loading pretrained ViT-H-14 weights (laion2b_s32b_b79k).
00:12:17,266 root INFO Loaded ViT-H-14 model config.
00:12:27,932 urllib3.connectionpool DEBUG https://huggingface.co:443 "HEAD /laion/CLIP-ViT-H-14-laion2B-s32B-b79K/resolve/main/open_clip_pytorch_model.bin HTTP/1.1" 302 0
00:12:27,934 root INFO Loading pretrained ViT-H-14 weights (laion2b_s32b_b79k).
00:12:33,356 PIL.PngImagePlugin DEBUG STREAM b'IHDR' 16 13
00:12:33,356 PIL.PngImagePlugin DEBUG STREAM b'IDAT' 41 32768
00:12:38,649 root INFO Train 0/500 Loss: 0.5877841711044312, Time: 0.09071803092956543(s), Frequency: 11.023166946562277(fps)
00:16:35,75 PIL.PngImagePlugin DEBUG STREAM b'IHDR' 16 13
00:16:35,76 PIL.PngImagePlugin DEBUG STREAM b'IDAT' 41 32768
00:17:49,810 root INFO Train 100/500 Loss: 0.3342605531215668, Time: 0.02143549919128418(s), Frequency: 46.65158441500662(fps)
00:23:02,902 root INFO Train 200/500 Loss: 0.33259978890419006, Time: 0.022887229919433594(s), Frequency: 43.692487186966126(fps)
00:28:15,162 root INFO Train 300/500 Loss: 0.3260209262371063, Time: 0.023344039916992188(s), Frequency: 42.837486722771466(fps)
00:33:26,189 root INFO Train 400/500 Loss: 0.3273801803588867, Time: 0.021553516387939453(s), Frequency: 46.39614167828145(fps)
00:38:35,541 root INFO Train 500/500 Loss: 0.33074498176574707, Time: 0.023093223571777344(s), Frequency: 43.30274623167458(fps)
00:40:04,440 urllib3.connectionpool DEBUG Starting new HTTPS connection (1): huggingface.co:443
00:40:04,680 urllib3.connectionpool DEBUG https://huggingface.co:443 "GET /api/datasets/HuggingFaceM4/COCO HTTP/1.1" 200 1683
00:40:04,784 urllib3.connectionpool DEBUG https://huggingface.co:443 "GET /api/datasets/HuggingFaceM4/COCO HTTP/1.1" 200 1683
00:40:04,884 urllib3.connectionpool DEBUG https://huggingface.co:443 "POST /api/datasets/HuggingFaceM4/COCO/paths-info/main HTTP/1.1" 200 495
00:40:04,964 urllib3.connectionpool DEBUG https://huggingface.co:443 "GET /datasets/HuggingFaceM4/COCO/resolve/main/COCO.py HTTP/1.1" 200 9475
00:40:04,966 urllib3.connectionpool DEBUG Starting new HTTPS connection (1): s3.amazonaws.com:443
00:40:05,269 urllib3.connectionpool DEBUG https://s3.amazonaws.com:443 "HEAD /datasets.huggingface.co/datasets/datasets/HuggingFaceM4/COCO/HuggingFaceM4/COCO.py HTTP/1.1" 404 0
00:40:05,274 urllib3.connectionpool DEBUG Starting new HTTPS connection (1): huggingface.co:443
00:40:05,465 urllib3.connectionpool DEBUG https://huggingface.co:443 "HEAD /datasets/HuggingFaceM4/COCO/resolve/main/COCO.py HTTP/1.1" 200 0
00:40:05,469 urllib3.connectionpool DEBUG Starting new HTTPS connection (1): huggingface.co:443
00:40:05,665 urllib3.connectionpool DEBUG https://huggingface.co:443 "HEAD /datasets/HuggingFaceM4/COCO/resolve/main/dataset_infos.json HTTP/1.1" 404 0
00:40:05,667 urllib3.connectionpool DEBUG Starting new HTTPS connection (1): huggingface.co:443
00:40:05,860 urllib3.connectionpool DEBUG https://huggingface.co:443 "HEAD /datasets/HuggingFaceM4/COCO/resolve/main/README.md HTTP/1.1" 200 0
00:40:05,877 filelock DEBUG Attempting to acquire lock 139633192626608 on /home/sandeepmukh/.cache/huggingface/modules/datasets_modules/datasets/HuggingFaceM4--COCO.lock
00:40:05,877 filelock DEBUG Lock 139633192626608 acquired on /home/sandeepmukh/.cache/huggingface/modules/datasets_modules/datasets/HuggingFaceM4--COCO.lock
00:40:05,880 filelock DEBUG Attempting to release lock 139633192626608 on /home/sandeepmukh/.cache/huggingface/modules/datasets_modules/datasets/HuggingFaceM4--COCO.lock
00:40:05,880 filelock DEBUG Lock 139633192626608 released on /home/sandeepmukh/.cache/huggingface/modules/datasets_modules/datasets/HuggingFaceM4--COCO.lock
00:40:05,881 filelock DEBUG Attempting to acquire lock 139630428568832 on /home/sandeepmukh/.cache/huggingface/datasets/_home_sandeepmukh_.cache_huggingface_datasets_HuggingFaceM4___coco_2014_1.0.0_7dba4b1d9b12e588770263b87c2a1fd7b03072c0a0cf550c896dbd09bf2bb7f8.lock
00:40:05,882 filelock DEBUG Lock 139630428568832 acquired on /home/sandeepmukh/.cache/huggingface/datasets/_home_sandeepmukh_.cache_huggingface_datasets_HuggingFaceM4___coco_2014_1.0.0_7dba4b1d9b12e588770263b87c2a1fd7b03072c0a0cf550c896dbd09bf2bb7f8.lock
00:40:05,882 fsspec.local DEBUG open file: /home/sandeepmukh/.cache/huggingface/datasets/HuggingFaceM4___coco/2014/1.0.0/7dba4b1d9b12e588770263b87c2a1fd7b03072c0a0cf550c896dbd09bf2bb7f8/dataset_info.json
00:40:05,883 filelock DEBUG Attempting to release lock 139630428568832 on /home/sandeepmukh/.cache/huggingface/datasets/_home_sandeepmukh_.cache_huggingface_datasets_HuggingFaceM4___coco_2014_1.0.0_7dba4b1d9b12e588770263b87c2a1fd7b03072c0a0cf550c896dbd09bf2bb7f8.lock
00:40:05,883 filelock DEBUG Lock 139630428568832 released on /home/sandeepmukh/.cache/huggingface/datasets/_home_sandeepmukh_.cache_huggingface_datasets_HuggingFaceM4___coco_2014_1.0.0_7dba4b1d9b12e588770263b87c2a1fd7b03072c0a0cf550c896dbd09bf2bb7f8.lock
00:40:05,907 filelock DEBUG Attempting to acquire lock 139630290153488 on /home/sandeepmukh/.cache/huggingface/modules/datasets_modules/datasets/HuggingFaceM4--COCO.lock
00:40:05,908 filelock DEBUG Lock 139630290153488 acquired on /home/sandeepmukh/.cache/huggingface/modules/datasets_modules/datasets/HuggingFaceM4--COCO.lock
00:40:05,914 filelock DEBUG Attempting to release lock 139630290153488 on /home/sandeepmukh/.cache/huggingface/modules/datasets_modules/datasets/HuggingFaceM4--COCO.lock
00:40:05,914 filelock DEBUG Lock 139630290153488 released on /home/sandeepmukh/.cache/huggingface/modules/datasets_modules/datasets/HuggingFaceM4--COCO.lock
00:40:05,914 filelock DEBUG Attempting to acquire lock 139630423234720 on /home/sandeepmukh/.cache/huggingface/datasets/HuggingFaceM4___coco/2014/1.0.0/7dba4b1d9b12e588770263b87c2a1fd7b03072c0a0cf550c896dbd09bf2bb7f8_builder.lock
00:40:05,914 filelock DEBUG Lock 139630423234720 acquired on /home/sandeepmukh/.cache/huggingface/datasets/HuggingFaceM4___coco/2014/1.0.0/7dba4b1d9b12e588770263b87c2a1fd7b03072c0a0cf550c896dbd09bf2bb7f8_builder.lock
00:40:05,914 fsspec.local DEBUG open file: /home/sandeepmukh/.cache/huggingface/datasets/HuggingFaceM4___coco/2014/1.0.0/7dba4b1d9b12e588770263b87c2a1fd7b03072c0a0cf550c896dbd09bf2bb7f8/dataset_info.json
00:40:05,915 filelock DEBUG Attempting to release lock 139630423234720 on /home/sandeepmukh/.cache/huggingface/datasets/HuggingFaceM4___coco/2014/1.0.0/7dba4b1d9b12e588770263b87c2a1fd7b03072c0a0cf550c896dbd09bf2bb7f8_builder.lock
00:40:05,915 filelock DEBUG Lock 139630423234720 released on /home/sandeepmukh/.cache/huggingface/datasets/HuggingFaceM4___coco/2014/1.0.0/7dba4b1d9b12e588770263b87c2a1fd7b03072c0a0cf550c896dbd09bf2bb7f8_builder.lock
00:40:05,939 root INFO Loaded ViT-H-14 model config.
00:40:14,958 urllib3.connectionpool DEBUG https://huggingface.co:443 "HEAD /laion/CLIP-ViT-H-14-laion2B-s32B-b79K/resolve/main/open_clip_pytorch_model.bin HTTP/1.1" 302 0
00:40:14,960 root INFO Loading pretrained ViT-H-14 weights (laion2b_s32b_b79k).
00:40:18,202 root INFO Loaded ViT-H-14 model config.
00:40:27,160 urllib3.connectionpool DEBUG https://huggingface.co:443 "HEAD /laion/CLIP-ViT-H-14-laion2B-s32B-b79K/resolve/main/open_clip_pytorch_model.bin HTTP/1.1" 302 0
00:40:27,162 root INFO Loading pretrained ViT-H-14 weights (laion2b_s32b_b79k).
00:44:47,546 urllib3.connectionpool DEBUG Starting new HTTPS connection (1): huggingface.co:443
00:44:47,754 urllib3.connectionpool DEBUG https://huggingface.co:443 "GET /api/datasets/HuggingFaceM4/COCO HTTP/1.1" 200 1683
00:44:47,856 urllib3.connectionpool DEBUG https://huggingface.co:443 "GET /api/datasets/HuggingFaceM4/COCO HTTP/1.1" 200 1683
00:44:47,944 urllib3.connectionpool DEBUG https://huggingface.co:443 "POST /api/datasets/HuggingFaceM4/COCO/paths-info/main HTTP/1.1" 200 495
00:44:48,37 urllib3.connectionpool DEBUG https://huggingface.co:443 "GET /datasets/HuggingFaceM4/COCO/resolve/main/COCO.py HTTP/1.1" 200 9475
00:44:48,40 urllib3.connectionpool DEBUG Starting new HTTPS connection (1): s3.amazonaws.com:443
00:44:48,339 urllib3.connectionpool DEBUG https://s3.amazonaws.com:443 "HEAD /datasets.huggingface.co/datasets/datasets/HuggingFaceM4/COCO/HuggingFaceM4/COCO.py HTTP/1.1" 404 0
00:44:48,344 urllib3.connectionpool DEBUG Starting new HTTPS connection (1): huggingface.co:443
00:44:48,546 urllib3.connectionpool DEBUG https://huggingface.co:443 "HEAD /datasets/HuggingFaceM4/COCO/resolve/main/COCO.py HTTP/1.1" 200 0
00:44:48,550 urllib3.connectionpool DEBUG Starting new HTTPS connection (1): huggingface.co:443
00:44:48,767 urllib3.connectionpool DEBUG https://huggingface.co:443 "HEAD /datasets/HuggingFaceM4/COCO/resolve/main/dataset_infos.json HTTP/1.1" 404 0
00:44:48,772 urllib3.connectionpool DEBUG Starting new HTTPS connection (1): huggingface.co:443
00:44:48,955 urllib3.connectionpool DEBUG https://huggingface.co:443 "HEAD /datasets/HuggingFaceM4/COCO/resolve/main/README.md HTTP/1.1" 200 0
00:44:48,971 filelock DEBUG Attempting to acquire lock 140263503997264 on /home/sandeepmukh/.cache/huggingface/modules/datasets_modules/datasets/HuggingFaceM4--COCO.lock
00:44:48,972 filelock DEBUG Lock 140263503997264 acquired on /home/sandeepmukh/.cache/huggingface/modules/datasets_modules/datasets/HuggingFaceM4--COCO.lock
00:44:48,974 filelock DEBUG Attempting to release lock 140263503997264 on /home/sandeepmukh/.cache/huggingface/modules/datasets_modules/datasets/HuggingFaceM4--COCO.lock
00:44:48,974 filelock DEBUG Lock 140263503997264 released on /home/sandeepmukh/.cache/huggingface/modules/datasets_modules/datasets/HuggingFaceM4--COCO.lock
00:44:48,976 filelock DEBUG Attempting to acquire lock 140260672825152 on /home/sandeepmukh/.cache/huggingface/datasets/_home_sandeepmukh_.cache_huggingface_datasets_HuggingFaceM4___coco_2014_1.0.0_7dba4b1d9b12e588770263b87c2a1fd7b03072c0a0cf550c896dbd09bf2bb7f8.lock
00:44:48,976 filelock DEBUG Lock 140260672825152 acquired on /home/sandeepmukh/.cache/huggingface/datasets/_home_sandeepmukh_.cache_huggingface_datasets_HuggingFaceM4___coco_2014_1.0.0_7dba4b1d9b12e588770263b87c2a1fd7b03072c0a0cf550c896dbd09bf2bb7f8.lock
00:44:48,976 fsspec.local DEBUG open file: /home/sandeepmukh/.cache/huggingface/datasets/HuggingFaceM4___coco/2014/1.0.0/7dba4b1d9b12e588770263b87c2a1fd7b03072c0a0cf550c896dbd09bf2bb7f8/dataset_info.json
00:44:48,977 filelock DEBUG Attempting to release lock 140260672825152 on /home/sandeepmukh/.cache/huggingface/datasets/_home_sandeepmukh_.cache_huggingface_datasets_HuggingFaceM4___coco_2014_1.0.0_7dba4b1d9b12e588770263b87c2a1fd7b03072c0a0cf550c896dbd09bf2bb7f8.lock
00:44:48,977 filelock DEBUG Lock 140260672825152 released on /home/sandeepmukh/.cache/huggingface/datasets/_home_sandeepmukh_.cache_huggingface_datasets_HuggingFaceM4___coco_2014_1.0.0_7dba4b1d9b12e588770263b87c2a1fd7b03072c0a0cf550c896dbd09bf2bb7f8.lock
00:44:49,1 filelock DEBUG Attempting to acquire lock 140260534399040 on /home/sandeepmukh/.cache/huggingface/modules/datasets_modules/datasets/HuggingFaceM4--COCO.lock
00:44:49,1 filelock DEBUG Lock 140260534399040 acquired on /home/sandeepmukh/.cache/huggingface/modules/datasets_modules/datasets/HuggingFaceM4--COCO.lock
00:44:49,8 filelock DEBUG Attempting to release lock 140260534399040 on /home/sandeepmukh/.cache/huggingface/modules/datasets_modules/datasets/HuggingFaceM4--COCO.lock
00:44:49,8 filelock DEBUG Lock 140260534399040 released on /home/sandeepmukh/.cache/huggingface/modules/datasets_modules/datasets/HuggingFaceM4--COCO.lock
00:44:49,8 filelock DEBUG Attempting to acquire lock 140260667480272 on /home/sandeepmukh/.cache/huggingface/datasets/HuggingFaceM4___coco/2014/1.0.0/7dba4b1d9b12e588770263b87c2a1fd7b03072c0a0cf550c896dbd09bf2bb7f8_builder.lock
00:44:49,9 filelock DEBUG Lock 140260667480272 acquired on /home/sandeepmukh/.cache/huggingface/datasets/HuggingFaceM4___coco/2014/1.0.0/7dba4b1d9b12e588770263b87c2a1fd7b03072c0a0cf550c896dbd09bf2bb7f8_builder.lock
00:44:49,9 fsspec.local DEBUG open file: /home/sandeepmukh/.cache/huggingface/datasets/HuggingFaceM4___coco/2014/1.0.0/7dba4b1d9b12e588770263b87c2a1fd7b03072c0a0cf550c896dbd09bf2bb7f8/dataset_info.json
00:44:49,9 filelock DEBUG Attempting to release lock 140260667480272 on /home/sandeepmukh/.cache/huggingface/datasets/HuggingFaceM4___coco/2014/1.0.0/7dba4b1d9b12e588770263b87c2a1fd7b03072c0a0cf550c896dbd09bf2bb7f8_builder.lock
00:44:49,9 filelock DEBUG Lock 140260667480272 released on /home/sandeepmukh/.cache/huggingface/datasets/HuggingFaceM4___coco/2014/1.0.0/7dba4b1d9b12e588770263b87c2a1fd7b03072c0a0cf550c896dbd09bf2bb7f8_builder.lock
00:44:49,49 root INFO Loaded ViT-H-14 model config.
00:45:02,380 urllib3.connectionpool DEBUG https://huggingface.co:443 "HEAD /laion/CLIP-ViT-H-14-laion2B-s32B-b79K/resolve/main/open_clip_pytorch_model.bin HTTP/1.1" 302 0
00:45:02,381 root INFO Loading pretrained ViT-H-14 weights (laion2b_s32b_b79k).
00:45:10,654 root INFO Loaded ViT-H-14 model config.
00:45:24,115 urllib3.connectionpool DEBUG https://huggingface.co:443 "HEAD /laion/CLIP-ViT-H-14-laion2B-s32B-b79K/resolve/main/open_clip_pytorch_model.bin HTTP/1.1" 302 0
00:45:24,116 root INFO Loading pretrained ViT-H-14 weights (laion2b_s32b_b79k).
00:47:25,770 urllib3.connectionpool DEBUG Starting new HTTPS connection (1): huggingface.co:443
00:47:25,979 urllib3.connectionpool DEBUG https://huggingface.co:443 "GET /api/datasets/HuggingFaceM4/COCO HTTP/1.1" 200 1683
00:47:26,76 urllib3.connectionpool DEBUG https://huggingface.co:443 "GET /api/datasets/HuggingFaceM4/COCO HTTP/1.1" 200 1683
00:47:26,160 urllib3.connectionpool DEBUG https://huggingface.co:443 "POST /api/datasets/HuggingFaceM4/COCO/paths-info/main HTTP/1.1" 200 495
00:47:26,241 urllib3.connectionpool DEBUG https://huggingface.co:443 "GET /datasets/HuggingFaceM4/COCO/resolve/main/COCO.py HTTP/1.1" 200 9475
00:47:26,243 urllib3.connectionpool DEBUG Starting new HTTPS connection (1): s3.amazonaws.com:443
00:47:26,539 urllib3.connectionpool DEBUG https://s3.amazonaws.com:443 "HEAD /datasets.huggingface.co/datasets/datasets/HuggingFaceM4/COCO/HuggingFaceM4/COCO.py HTTP/1.1" 404 0
00:47:26,545 urllib3.connectionpool DEBUG Starting new HTTPS connection (1): huggingface.co:443
00:47:26,772 urllib3.connectionpool DEBUG https://huggingface.co:443 "HEAD /datasets/HuggingFaceM4/COCO/resolve/main/COCO.py HTTP/1.1" 200 0
00:47:26,777 urllib3.connectionpool DEBUG Starting new HTTPS connection (1): huggingface.co:443
00:47:26,966 urllib3.connectionpool DEBUG https://huggingface.co:443 "HEAD /datasets/HuggingFaceM4/COCO/resolve/main/dataset_infos.json HTTP/1.1" 404 0
00:47:26,970 urllib3.connectionpool DEBUG Starting new HTTPS connection (1): huggingface.co:443
00:47:27,230 urllib3.connectionpool DEBUG https://huggingface.co:443 "HEAD /datasets/HuggingFaceM4/COCO/resolve/main/README.md HTTP/1.1" 200 0
00:47:27,250 filelock DEBUG Attempting to acquire lock 139664140036432 on /home/sandeepmukh/.cache/huggingface/modules/datasets_modules/datasets/HuggingFaceM4--COCO.lock
00:47:27,251 filelock DEBUG Lock 139664140036432 acquired on /home/sandeepmukh/.cache/huggingface/modules/datasets_modules/datasets/HuggingFaceM4--COCO.lock
00:47:27,253 filelock DEBUG Attempting to release lock 139664140036432 on /home/sandeepmukh/.cache/huggingface/modules/datasets_modules/datasets/HuggingFaceM4--COCO.lock
00:47:27,253 filelock DEBUG Lock 139664140036432 released on /home/sandeepmukh/.cache/huggingface/modules/datasets_modules/datasets/HuggingFaceM4--COCO.lock
00:47:27,254 filelock DEBUG Attempting to acquire lock 139661374007104 on /home/sandeepmukh/.cache/huggingface/datasets/_home_sandeepmukh_.cache_huggingface_datasets_HuggingFaceM4___coco_2014_1.0.0_7dba4b1d9b12e588770263b87c2a1fd7b03072c0a0cf550c896dbd09bf2bb7f8.lock
00:47:27,255 filelock DEBUG Lock 139661374007104 acquired on /home/sandeepmukh/.cache/huggingface/datasets/_home_sandeepmukh_.cache_huggingface_datasets_HuggingFaceM4___coco_2014_1.0.0_7dba4b1d9b12e588770263b87c2a1fd7b03072c0a0cf550c896dbd09bf2bb7f8.lock
00:47:27,255 fsspec.local DEBUG open file: /home/sandeepmukh/.cache/huggingface/datasets/HuggingFaceM4___coco/2014/1.0.0/7dba4b1d9b12e588770263b87c2a1fd7b03072c0a0cf550c896dbd09bf2bb7f8/dataset_info.json
00:47:27,256 filelock DEBUG Attempting to release lock 139661374007104 on /home/sandeepmukh/.cache/huggingface/datasets/_home_sandeepmukh_.cache_huggingface_datasets_HuggingFaceM4___coco_2014_1.0.0_7dba4b1d9b12e588770263b87c2a1fd7b03072c0a0cf550c896dbd09bf2bb7f8.lock
00:47:27,256 filelock DEBUG Lock 139661374007104 released on /home/sandeepmukh/.cache/huggingface/datasets/_home_sandeepmukh_.cache_huggingface_datasets_HuggingFaceM4___coco_2014_1.0.0_7dba4b1d9b12e588770263b87c2a1fd7b03072c0a0cf550c896dbd09bf2bb7f8.lock
00:47:27,277 filelock DEBUG Attempting to acquire lock 139661239808064 on /home/sandeepmukh/.cache/huggingface/modules/datasets_modules/datasets/HuggingFaceM4--COCO.lock
00:47:27,277 filelock DEBUG Lock 139661239808064 acquired on /home/sandeepmukh/.cache/huggingface/modules/datasets_modules/datasets/HuggingFaceM4--COCO.lock
00:47:27,284 filelock DEBUG Attempting to release lock 139661239808064 on /home/sandeepmukh/.cache/huggingface/modules/datasets_modules/datasets/HuggingFaceM4--COCO.lock
00:47:27,284 filelock DEBUG Lock 139661239808064 released on /home/sandeepmukh/.cache/huggingface/modules/datasets_modules/datasets/HuggingFaceM4--COCO.lock
00:47:27,285 filelock DEBUG Attempting to acquire lock 139661374183632 on /home/sandeepmukh/.cache/huggingface/datasets/HuggingFaceM4___coco/2014/1.0.0/7dba4b1d9b12e588770263b87c2a1fd7b03072c0a0cf550c896dbd09bf2bb7f8_builder.lock
00:47:27,285 filelock DEBUG Lock 139661374183632 acquired on /home/sandeepmukh/.cache/huggingface/datasets/HuggingFaceM4___coco/2014/1.0.0/7dba4b1d9b12e588770263b87c2a1fd7b03072c0a0cf550c896dbd09bf2bb7f8_builder.lock
00:47:27,285 fsspec.local DEBUG open file: /home/sandeepmukh/.cache/huggingface/datasets/HuggingFaceM4___coco/2014/1.0.0/7dba4b1d9b12e588770263b87c2a1fd7b03072c0a0cf550c896dbd09bf2bb7f8/dataset_info.json
00:47:27,285 filelock DEBUG Attempting to release lock 139661374183632 on /home/sandeepmukh/.cache/huggingface/datasets/HuggingFaceM4___coco/2014/1.0.0/7dba4b1d9b12e588770263b87c2a1fd7b03072c0a0cf550c896dbd09bf2bb7f8_builder.lock
00:47:27,285 filelock DEBUG Lock 139661374183632 released on /home/sandeepmukh/.cache/huggingface/datasets/HuggingFaceM4___coco/2014/1.0.0/7dba4b1d9b12e588770263b87c2a1fd7b03072c0a0cf550c896dbd09bf2bb7f8_builder.lock
00:47:27,314 root INFO Loaded ViT-H-14 model config.
00:47:42,676 urllib3.connectionpool DEBUG https://huggingface.co:443 "HEAD /laion/CLIP-ViT-H-14-laion2B-s32B-b79K/resolve/main/open_clip_pytorch_model.bin HTTP/1.1" 302 0
00:47:42,678 root INFO Loading pretrained ViT-H-14 weights (laion2b_s32b_b79k).
00:47:53,139 root INFO Loaded ViT-H-14 model config.
00:48:09,177 urllib3.connectionpool DEBUG https://huggingface.co:443 "HEAD /laion/CLIP-ViT-H-14-laion2B-s32B-b79K/resolve/main/open_clip_pytorch_model.bin HTTP/1.1" 302 0
00:48:09,179 root INFO Loading pretrained ViT-H-14 weights (laion2b_s32b_b79k).
00:48:24,807 root INFO Train 0/500 Loss: 0.5915406942367554, Time: 0.09724926948547363(s), Frequency: 10.282853591505615(fps)
00:53:38,368 root INFO Train 100/500 Loss: 0.3285631239414215, Time: 0.023340463638305664(s), Frequency: 42.84405037948047(fps)
00:58:54,722 root INFO Train 200/500 Loss: 0.32897520065307617, Time: 0.03198075294494629(s), Frequency: 31.268807264214946(fps)
00:59:31,332 PIL.TiffImagePlugin DEBUG tag: Make (271) - type: string (2) Tag Location: 22 - Data Location: 122 - value: b'NIKON CORPORATION\x00'
00:59:31,333 PIL.TiffImagePlugin DEBUG tag: Model (272) - type: string (2) Tag Location: 34 - Data Location: 140 - value: b'NIKON D3000\x00'
00:59:31,333 PIL.TiffImagePlugin DEBUG tag: XResolution (282) - type: rational (5) Tag Location: 46 - Data Location: 152 - value: b'\x00\x00\x01,\x00\x00\x00\x01'
00:59:31,333 PIL.TiffImagePlugin DEBUG tag: YResolution (283) - type: rational (5) Tag Location: 58 - Data Location: 160 - value: b'\x00\x00\x01,\x00\x00\x00\x01'
00:59:31,333 PIL.TiffImagePlugin DEBUG tag: ResolutionUnit (296) - type: short (3) - value: b'\x00\x02'
00:59:31,333 PIL.TiffImagePlugin DEBUG tag: Software (305) - type: string (2) Tag Location: 82 - Data Location: 168 - value: b'picnik.com\x00'
00:59:31,333 PIL.TiffImagePlugin DEBUG tag: DateTime (306) - type: string (2) Tag Location: 94 - Data Location: 180 - value: b'2010:02:16 04:35:46\x00'
00:59:31,333 PIL.TiffImagePlugin DEBUG tag: YCbCrPositioning (531) - type: short (3) - value: b'\x00\x01'
00:59:31,333 PIL.TiffImagePlugin DEBUG tag: ExifIFD (34665) - type: long (4) - value: b'\x00\x00\x00\xc8'
01:04:11,432 root INFO Train 300/500 Loss: 0.33044928312301636, Time: 0.03127622604370117(s), Frequency: 31.973167050357517(fps)
01:09:25,109 root INFO Train 400/500 Loss: 0.32849955558776855, Time: 0.02335333824157715(s), Frequency: 42.820430623475005(fps)
01:14:36,619 root INFO Train 500/500 Loss: 0.32587486505508423, Time: 0.02911520004272461(s), Frequency: 34.346320771712605(fps)
01:20:58,688 root INFO Val Stats: Loss: 0.28371641685053245, Time: 0.015561778098344803, Clip Sim: 0.10809933551654373
01:21:06,388 root INFO Train 0/500 Loss: 0.3259694576263428, Time: 0.0358881950378418(s), Frequency: 27.864315799263913(fps)
01:23:25,538 PIL.TiffImagePlugin DEBUG tag: Make (271) - type: string (2) Tag Location: 22 - Data Location: 146 - value: b'Nikon\x00'
01:23:25,538 PIL.TiffImagePlugin DEBUG tag: Model (272) - type: string (2) Tag Location: 34 - Data Location: 152 - value: b'Nikon COOLSCAN IV ED\x00'
01:23:25,538 PIL.TiffImagePlugin DEBUG tag: XResolution (282) - type: rational (5) Tag Location: 46 - Data Location: 174 - value: b'\x00\x00\x0bT\x00\x00\x00\x01'
01:23:25,538 PIL.TiffImagePlugin DEBUG tag: YResolution (283) - type: rational (5) Tag Location: 58 - Data Location: 182 - value: b'\x00\x00\x0bT\x00\x00\x00\x01'
01:23:25,538 PIL.TiffImagePlugin DEBUG tag: ResolutionUnit (296) - type: short (3) - value: b'\x00\x02'
01:23:25,539 PIL.TiffImagePlugin DEBUG tag: Software (305) - type: string (2) Tag Location: 82 - Data Location: 190 - value: b'Nikon Scan 4.0.3 W\x00'
01:23:25,539 PIL.TiffImagePlugin DEBUG tag: DateTime (306) - type: string (2) Tag Location: 94 - Data Location: 210 - value: b'2009:12:26 21:54:08\x00'
01:23:25,539 PIL.TiffImagePlugin DEBUG tag: Artist (315) - type: string (2) Tag Location: 106 - Data Location: 230 - value: b'FarTripper\x00'
01:23:25,539 PIL.TiffImagePlugin DEBUG tag: YCbCrPositioning (531) - type: short (3) - value: b'\x00\x01'
01:23:25,539 PIL.TiffImagePlugin DEBUG tag: Copyright (33432) - type: string (2) Tag Location: 130 - Data Location: 242 - value: b'All Rights Reserved\x00'
01:23:25,539 PIL.TiffImagePlugin DEBUG tag: ExifIFD (34665) - type: long (4) - value: b'\x00\x00\x01\x06'
01:26:23,564 root INFO Train 100/500 Loss: 0.3285010755062103, Time: 0.022931814193725586(s), Frequency: 43.60753979393448(fps)
01:31:03,445 PIL.PngImagePlugin DEBUG STREAM b'IHDR' 16 13
01:31:03,446 PIL.PngImagePlugin DEBUG STREAM b'IDAT' 41 32768
01:31:37,556 root INFO Train 200/500 Loss: 0.35213807225227356, Time: 0.022443056106567383(s), Frequency: 44.55721160485696(fps)
01:36:46,943 root INFO Train 300/500 Loss: 0.3256804943084717, Time: 0.02383112907409668(s), Frequency: 41.96192286528938(fps)
01:37:15,127 PIL.TiffImagePlugin DEBUG tag: Make (271) - type: string (2) Tag Location: 22 - Data Location: 146 - value: b'Nikon\x00'
01:37:15,128 PIL.TiffImagePlugin DEBUG tag: Model (272) - type: string (2) Tag Location: 34 - Data Location: 152 - value: b'Nikon COOLSCAN IV ED\x00'
01:37:15,128 PIL.TiffImagePlugin DEBUG tag: XResolution (282) - type: rational (5) Tag Location: 46 - Data Location: 174 - value: b'\x00\x00\x0bT\x00\x00\x00\x01'
01:37:15,128 PIL.TiffImagePlugin DEBUG tag: YResolution (283) - type: rational (5) Tag Location: 58 - Data Location: 182 - value: b'\x00\x00\x0bT\x00\x00\x00\x01'
01:37:15,128 PIL.TiffImagePlugin DEBUG tag: ResolutionUnit (296) - type: short (3) - value: b'\x00\x02'
01:37:15,128 PIL.TiffImagePlugin DEBUG tag: Software (305) - type: string (2) Tag Location: 82 - Data Location: 190 - value: b'Nikon Scan 4.0.3 W\x00'
01:37:15,128 PIL.TiffImagePlugin DEBUG tag: DateTime (306) - type: string (2) Tag Location: 94 - Data Location: 210 - value: b'2009:12:26 21:54:08\x00'
01:37:15,128 PIL.TiffImagePlugin DEBUG tag: Artist (315) - type: string (2) Tag Location: 106 - Data Location: 230 - value: b'FarTripper\x00'
01:37:15,128 PIL.TiffImagePlugin DEBUG tag: YCbCrPositioning (531) - type: short (3) - value: b'\x00\x01'
01:37:15,128 PIL.TiffImagePlugin DEBUG tag: Copyright (33432) - type: string (2) Tag Location: 130 - Data Location: 242 - value: b'All Rights Reserved\x00'
01:37:15,128 PIL.TiffImagePlugin DEBUG tag: ExifIFD (34665) - type: long (4) - value: b'\x00\x00\x01\x06'
01:38:29,330 PIL.TiffImagePlugin DEBUG tag: Make (271) - type: string (2) Tag Location: 22 - Data Location: 122 - value: b'NIKON CORPORATION\x00'
01:38:29,330 PIL.TiffImagePlugin DEBUG tag: Model (272) - type: string (2) Tag Location: 34 - Data Location: 140 - value: b'NIKON D3000\x00'
01:38:29,330 PIL.TiffImagePlugin DEBUG tag: XResolution (282) - type: rational (5) Tag Location: 46 - Data Location: 152 - value: b'\x00\x00\x01,\x00\x00\x00\x01'
01:38:29,330 PIL.TiffImagePlugin DEBUG tag: YResolution (283) - type: rational (5) Tag Location: 58 - Data Location: 160 - value: b'\x00\x00\x01,\x00\x00\x00\x01'
01:38:29,330 PIL.TiffImagePlugin DEBUG tag: ResolutionUnit (296) - type: short (3) - value: b'\x00\x02'
01:38:29,330 PIL.TiffImagePlugin DEBUG tag: Software (305) - type: string (2) Tag Location: 82 - Data Location: 168 - value: b'picnik.com\x00'
01:38:29,330 PIL.TiffImagePlugin DEBUG tag: DateTime (306) - type: string (2) Tag Location: 94 - Data Location: 180 - value: b'2010:02:16 04:35:46\x00'
01:38:29,331 PIL.TiffImagePlugin DEBUG tag: YCbCrPositioning (531) - type: short (3) - value: b'\x00\x01'
01:38:29,331 PIL.TiffImagePlugin DEBUG tag: ExifIFD (34665) - type: long (4) - value: b'\x00\x00\x00\xc8'
01:41:57,842 root INFO Train 400/500 Loss: 0.32669776678085327, Time: 0.0228426456451416(s), Frequency: 43.77776618063021(fps)
01:47:19,439 root INFO Train 500/500 Loss: 0.3275778293609619, Time: 0.038098812103271484(s), Frequency: 26.247537516114093(fps)
01:53:51,368 root INFO Val Stats: Loss: 0.2839973436802933, Time: 0.018491079099476337, Clip Sim: 0.11113261711812511
01:53:58,567 root INFO Train 0/500 Loss: 0.32650214433670044, Time: 0.025525569915771484(s), Frequency: 39.176402458388594(fps)
01:59:15,544 root INFO Train 100/500 Loss: 0.328651487827301, Time: 0.030510902404785156(s), Frequency: 32.775169568343074(fps)
02:04:28,515 root INFO Train 200/500 Loss: 0.3276650905609131, Time: 0.021448612213134766(s), Frequency: 46.623063071074455(fps)
02:09:40,826 root INFO Train 300/500 Loss: 0.3251953125, Time: 0.023122787475585938(s), Frequency: 43.24738101130083(fps)
02:14:53,281 root INFO Train 400/500 Loss: 0.3262859284877777, Time: 0.021981239318847656(s), Frequency: 45.49334027506616(fps)
02:20:05,13 root INFO Train 500/500 Loss: 0.3240421414375305, Time: 0.02368307113647461(s), Frequency: 42.22425352849981(fps)
02:26:22,284 root INFO Val Stats: Loss: 0.28240552913282335, Time: 0.01561412587761879, Clip Sim: 0.10674890672269556
02:26:29,417 root INFO Train 0/500 Loss: 0.32077670097351074, Time: 0.024927139282226562(s), Frequency: 40.11691789731425(fps)
02:31:42,585 root INFO Train 100/500 Loss: 0.3248727321624756, Time: 0.022118091583251953(s), Frequency: 45.211857281448744(fps)
02:36:59,510 root INFO Train 200/500 Loss: 0.3225040137767792, Time: 0.022704601287841797(s), Frequency: 44.043935734537435(fps)
02:42:14,183 root INFO Train 300/500 Loss: 0.31729549169540405, Time: 0.0213778018951416(s), Frequency: 46.77749400546479(fps)
02:44:00,531 PIL.PngImagePlugin DEBUG STREAM b'IHDR' 16 13
02:44:00,531 PIL.PngImagePlugin DEBUG STREAM b'IDAT' 41 32768
02:45:20,930 PIL.TiffImagePlugin DEBUG tag: Make (271) - type: string (2) Tag Location: 22 - Data Location: 122 - value: b'NIKON CORPORATION\x00'
02:45:20,930 PIL.TiffImagePlugin DEBUG tag: Model (272) - type: string (2) Tag Location: 34 - Data Location: 140 - value: b'NIKON D3000\x00'
02:45:20,930 PIL.TiffImagePlugin DEBUG tag: XResolution (282) - type: rational (5) Tag Location: 46 - Data Location: 152 - value: b'\x00\x00\x01,\x00\x00\x00\x01'
02:45:20,930 PIL.TiffImagePlugin DEBUG tag: YResolution (283) - type: rational (5) Tag Location: 58 - Data Location: 160 - value: b'\x00\x00\x01,\x00\x00\x00\x01'
02:45:20,930 PIL.TiffImagePlugin DEBUG tag: ResolutionUnit (296) - type: short (3) - value: b'\x00\x02'
02:45:20,930 PIL.TiffImagePlugin DEBUG tag: Software (305) - type: string (2) Tag Location: 82 - Data Location: 168 - value: b'picnik.com\x00'
02:45:20,930 PIL.TiffImagePlugin DEBUG tag: DateTime (306) - type: string (2) Tag Location: 94 - Data Location: 180 - value: b'2010:02:16 04:35:46\x00'
02:45:20,930 PIL.TiffImagePlugin DEBUG tag: YCbCrPositioning (531) - type: short (3) - value: b'\x00\x01'
02:45:20,930 PIL.TiffImagePlugin DEBUG tag: ExifIFD (34665) - type: long (4) - value: b'\x00\x00\x00\xc8'
02:47:25,306 root INFO Train 400/500 Loss: 0.32025134563446045, Time: 0.02173161506652832(s), Frequency: 46.01590801873855(fps)
02:52:39,360 root INFO Train 500/500 Loss: 0.3212665915489197, Time: 0.022321462631225586(s), Frequency: 44.799931640729305(fps)
02:58:41,104 root INFO Val Stats: Loss: 0.27637269524569363, Time: 0.015376357361674309, Clip Sim: 0.09974521164273478
02:58:45,45 PIL.PngImagePlugin DEBUG STREAM b'IHDR' 16 13
02:58:45,45 PIL.PngImagePlugin DEBUG STREAM b'IDAT' 41 32768
02:58:48,456 root INFO Train 0/500 Loss: 0.3188316524028778, Time: 0.02402496337890625(s), Frequency: 41.6233724992061(fps)
03:04:02,533 root INFO Train 100/500 Loss: 0.3200984299182892, Time: 0.022030353546142578(s), Frequency: 45.391917923854464(fps)
03:09:14,840 root INFO Train 200/500 Loss: 0.3200188875198364, Time: 0.022579431533813477(s), Frequency: 44.28809460957711(fps)
03:14:32,974 root INFO Train 300/500 Loss: 0.31757718324661255, Time: 0.028032779693603516(s), Frequency: 35.67252377145385(fps)
03:19:56,563 root INFO Train 400/500 Loss: 0.32183635234832764, Time: 0.022491455078125(s), Frequency: 44.461329715061055(fps)
03:22:42,855 PIL.PngImagePlugin DEBUG STREAM b'IHDR' 16 13
03:22:42,856 PIL.PngImagePlugin DEBUG STREAM b'IDAT' 41 32768
03:25:12,615 root INFO Train 500/500 Loss: 0.31493183970451355, Time: 0.022778987884521484(s), Frequency: 43.900106759330974(fps)
