00:00:49,417 root INFO Loaded ViT-B-16 model config.
00:00:51,855 urllib3.connectionpool DEBUG https://huggingface.co:443 "HEAD /laion/CLIP-ViT-B-16-laion2B-s34B-b88K/resolve/main/open_clip_pytorch_model.bin HTTP/1.1" 302 0
00:00:51,858 root INFO Loading pretrained ViT-B-16 weights (laion2b_s34b_b88k).
00:01:11,92 root INFO Train 0/500 Loss: 1.898063063621521, Time: 0.7344567775726318(s), Frequency: 1.3615505098951968(fps)
00:07:58,81 root INFO Train 100/500 Loss: 0.8025268912315369, Time: 0.04280710220336914(s), Frequency: 23.360609537388747(fps)
00:14:44,525 root INFO Train 200/500 Loss: 0.7714251279830933, Time: 0.04418301582336426(s), Frequency: 22.633131337114243(fps)
00:21:40,128 root INFO Train 300/500 Loss: 0.747045636177063, Time: 0.019064903259277344(s), Frequency: 52.452403581611726(fps)
00:28:48,841 root INFO Train 400/500 Loss: 0.7255077958106995, Time: 0.02779531478881836(s), Frequency: 35.977286373539656(fps)
00:35:59,984 root INFO Train 500/500 Loss: 0.7141531109809875, Time: 0.028615713119506836(s), Frequency: 34.945835381551866(fps)
00:41:16,51 root INFO Val Stats: Loss: 1.147899016420892, Time: 0.016569207422435284, Clip Sim: 0.07403369422288651
00:41:34,927 root INFO Train 0/500 Loss: 0.7113494277000427, Time: 0.023660898208618164(s), Frequency: 42.2638224121079(fps)
00:48:19,159 root INFO Train 100/500 Loss: 0.7022451758384705, Time: 0.019483327865600586(s), Frequency: 51.325933993318564(fps)
00:55:06,233 root INFO Train 200/500 Loss: 0.6903712749481201, Time: 0.01763749122619629(s), Frequency: 56.69740595049813(fps)
01:01:55,762 root INFO Train 300/500 Loss: 0.6875954270362854, Time: 0.015633821487426758(s), Frequency: 63.96388757567902(fps)
01:08:39,736 root INFO Train 400/500 Loss: 0.677726686000824, Time: 0.019976377487182617(s), Frequency: 50.05912611741678(fps)
01:15:30,44 root INFO Train 500/500 Loss: 0.6575230956077576, Time: 0.017330408096313477(s), Frequency: 57.70204570155044(fps)
01:22:09,282 root INFO Val Stats: Loss: 1.0849588957238705, Time: 0.019021211890503764, Clip Sim: 0.08578618045182938
01:22:26,727 root INFO Train 0/500 Loss: 0.6640326976776123, Time: 0.03296637535095215(s), Frequency: 30.333938425266325(fps)
01:30:16,219 root INFO Train 100/500 Loss: 0.6498813629150391, Time: 0.02104043960571289(s), Frequency: 47.527524079320116(fps)
01:36:42,53 root INFO Train 200/500 Loss: 0.6453331112861633, Time: 0.014357328414916992(s), Frequency: 69.65084109666384(fps)
01:43:07,508 root INFO Train 300/500 Loss: 0.6429896950721741, Time: 0.03510737419128418(s), Frequency: 28.48404425097283(fps)
01:49:34,476 root INFO Train 400/500 Loss: 0.6374364495277405, Time: 0.014327764511108398(s), Frequency: 69.79455861552542(fps)
01:56:05,141 root INFO Train 500/500 Loss: 0.6358446478843689, Time: 0.02164936065673828(s), Frequency: 46.19074049601339(fps)
02:00:35,449 root INFO Val Stats: Loss: 1.0501392217392618, Time: 0.0141999376937747, Clip Sim: 0.09462607239789152
02:00:48,722 root INFO Train 0/500 Loss: 0.6324896812438965, Time: 0.02321648597717285(s), Frequency: 43.07284060917876(fps)
02:07:34,402 root INFO Train 100/500 Loss: 0.6258520483970642, Time: 0.02440619468688965(s), Frequency: 40.97320425527758(fps)
02:14:15,515 root INFO Train 200/500 Loss: 0.6240065097808838, Time: 0.01593303680419922(s), Frequency: 62.76267432812593(fps)
02:20:42,141 root INFO Train 300/500 Loss: 0.6264911890029907, Time: 0.014877557754516602(s), Frequency: 67.21533308761077(fps)
02:27:06,763 root INFO Train 400/500 Loss: 0.608540952205658, Time: 0.016783475875854492(s), Frequency: 59.58241352368776(fps)
02:33:33,348 root INFO Train 500/500 Loss: 0.6078030467033386, Time: 0.01536870002746582(s), Frequency: 65.06731201811948(fps)
02:37:18,660 root INFO Val Stats: Loss: 1.0218092837232224, Time: 0.012783795362338424, Clip Sim: 0.11955218873125442
02:37:31,741 root INFO Train 0/500 Loss: 0.6228761672973633, Time: 0.047301530838012695(s), Frequency: 21.1409648331376(fps)
02:44:14,899 root INFO Train 100/500 Loss: 0.6147923469543457, Time: 0.021994590759277344(s), Frequency: 45.46572432033994(fps)
02:50:59,459 root INFO Train 200/500 Loss: 0.607056200504303, Time: 0.014104843139648438(s), Frequency: 70.89763353617309(fps)
02:57:30,984 root INFO Train 300/500 Loss: 0.6067847013473511, Time: 0.015595197677612305(s), Frequency: 64.12230358808152(fps)
03:04:02,497 root INFO Train 400/500 Loss: 0.5968834161758423, Time: 0.01572728157043457(s), Frequency: 63.58377927688926(fps)
03:10:27,874 root INFO Train 500/500 Loss: 0.5978172421455383, Time: 0.014256000518798828(s), Frequency: 70.14590092651437(fps)
03:13:48,961 root INFO Val Stats: Loss: 1.0171053739304239, Time: 0.012178052216768265, Clip Sim: 0.11585563405397091
03:14:01,522 root INFO Train 0/500 Loss: 0.5984638929367065, Time: 0.02284717559814453(s), Frequency: 43.76908627958426(fps)
03:20:38,418 root INFO Train 100/500 Loss: 0.5956363081932068, Time: 0.03504228591918945(s), Frequency: 28.536951108329138(fps)
03:27:15,92 root INFO Train 200/500 Loss: 0.592930018901825, Time: 0.015012741088867188(s), Frequency: 66.61008766357514(fps)
03:40:19,136 root INFO Train 400/500 Loss: 0.6068309545516968, Time: 0.013763904571533203(s), Frequency: 72.65380218257405(fps)
03:46:49,950 root INFO Train 500/500 Loss: 0.6057239174842834, Time: 0.015345335006713867(s), Frequency: 65.16638441340521(fps)
03:51:00,437 root INFO Val Stats: Loss: 1.0258563794988267, Time: 0.013561145169660449, Clip Sim: 0.11736549310227658
03:51:11,995 root INFO Train 0/500 Loss: 0.602260410785675, Time: 0.01590108871459961(s), Frequency: 62.88877560200318(fps)
03:57:55,139 root INFO Train 100/500 Loss: 0.5856661796569824, Time: 0.021157264709472656(s), Frequency: 47.26508902411539(fps)
04:04:23,906 root INFO Train 200/500 Loss: 0.5934364795684814, Time: 0.014512062072753906(s), Frequency: 68.90819478215154(fps)
04:10:59,634 root INFO Train 300/500 Loss: 0.5820205807685852, Time: 0.014062643051147461(s), Frequency: 71.11038773884(fps)
04:17:33,726 root INFO Train 400/500 Loss: 0.5853797197341919, Time: 0.016410350799560547(s), Frequency: 60.93714949876507(fps)
04:23:57,326 root INFO Train 500/500 Loss: 0.5933952331542969, Time: 0.020551443099975586(s), Frequency: 48.65838350792933(fps)
04:27:25,542 root INFO Val Stats: Loss: 1.0026388041516567, Time: 0.011857155011966825, Clip Sim: 0.14015805752987556
04:27:36,816 root INFO Train 0/500 Loss: 0.5869302749633789, Time: 0.01956772804260254(s), Frequency: 51.10455326355805(fps)
04:34:15,27 root INFO Train 100/500 Loss: 0.5876584649085999, Time: 0.016871929168701172(s), Frequency: 59.270044936834076(fps)
04:40:57,188 root INFO Train 200/500 Loss: 0.5845326781272888, Time: 0.02658247947692871(s), Frequency: 37.61876317323647(fps)
04:47:28,476 root INFO Train 300/500 Loss: 0.5754441022872925, Time: 0.01708078384399414(s), Frequency: 58.54532257614249(fps)
04:54:02,146 root INFO Train 400/500 Loss: 0.5728155970573425, Time: 0.014072179794311523(s), Frequency: 71.06219609304847(fps)
05:00:29,567 root INFO Train 500/500 Loss: 0.5746465921401978, Time: 0.022062063217163086(s), Frequency: 45.32667639271627(fps)
05:04:45,442 root INFO Val Stats: Loss: 0.9983378141484363, Time: 0.01489125145599246, Clip Sim: 0.1349382831695232
05:04:56,724 root INFO Train 0/500 Loss: 0.5750916004180908, Time: 0.024082422256469727(s), Frequency: 41.52406221227811(fps)
05:11:18,299 root INFO Train 100/500 Loss: 0.5679629445075989, Time: 0.027421236038208008(s), Frequency: 36.46808621634076(fps)
05:17:41,595 root INFO Train 200/500 Loss: 0.5725873708724976, Time: 0.020673513412475586(s), Frequency: 48.371071721004256(fps)
05:24:01,316 root INFO Train 300/500 Loss: 0.5713685154914856, Time: 0.01286172866821289(s), Frequency: 77.75004634263894(fps)
05:30:22,859 root INFO Train 400/500 Loss: 0.5784357190132141, Time: 0.014874458312988281(s), Frequency: 67.229338975444(fps)
05:36:48,402 root INFO Train 500/500 Loss: 0.5681357979774475, Time: 0.01462411880493164(s), Frequency: 68.38018846392123(fps)
05:39:49,120 root INFO Val Stats: Loss: 0.9979755662857218, Time: 0.011398350819945335, Clip Sim: 0.14627321872939456
05:40:00,765 root INFO Train 0/500 Loss: 0.5526613593101501, Time: 0.017786502838134766(s), Frequency: 56.222406905981074(fps)
05:46:20,50 root INFO Train 100/500 Loss: 0.5598828196525574, Time: 0.012758016586303711(s), Frequency: 78.38208966380743(fps)
05:52:48,920 root INFO Train 200/500 Loss: 0.5620129704475403, Time: 0.013753414154052734(s), Frequency: 72.70921887459696(fps)
05:59:06,235 root INFO Train 300/500 Loss: 0.5664629340171814, Time: 0.01335000991821289(s), Frequency: 74.90631139050612(fps)
06:05:30,233 root INFO Train 400/500 Loss: 0.5621997117996216, Time: 0.012998342514038086(s), Frequency: 76.93288578293806(fps)
06:12:01,419 root INFO Train 500/500 Loss: 0.5561306476593018, Time: 0.025653362274169922(s), Frequency: 38.98124500455399(fps)
06:15:56,191 root INFO Val Stats: Loss: 1.0086884118141013, Time: 0.011928442399948835, Clip Sim: 0.14174696105591794
06:16:07,220 root INFO Train 0/500 Loss: 0.5608108639717102, Time: 0.017681360244750977(s), Frequency: 56.55673467186257(fps)
06:22:33,550 root INFO Train 100/500 Loss: 0.5495563745498657, Time: 0.013652324676513672(s), Frequency: 73.24759875659251(fps)
06:28:55,684 root INFO Train 200/500 Loss: 0.5475363731384277, Time: 0.012509346008300781(s), Frequency: 79.94023023557216(fps)
06:35:13,577 root INFO Train 300/500 Loss: 0.5580480694770813, Time: 0.01499319076538086(s), Frequency: 66.6969436758579(fps)
06:41:32,308 root INFO Train 400/500 Loss: 0.5451242327690125, Time: 0.014868974685668945(s), Frequency: 67.25413292712258(fps)
06:47:56,337 root INFO Train 500/500 Loss: 0.5515362620353699, Time: 0.013796567916870117(s), Frequency: 72.48179445970933(fps)
06:51:14,274 root INFO Val Stats: Loss: 0.9973317638356635, Time: 0.011165110394358635, Clip Sim: 0.14502073856110267
06:51:27,104 root INFO Train 0/500 Loss: 0.55210942029953, Time: 0.017899513244628906(s), Frequency: 55.86744099312696(fps)
06:57:57,242 root INFO Train 100/500 Loss: 0.5491569638252258, Time: 0.018897533416748047(s), Frequency: 52.91695894627943(fps)
07:04:22,888 root INFO Train 200/500 Loss: 0.550848126411438, Time: 0.011987924575805664(s), Frequency: 83.41727491497782(fps)
07:10:43,298 root INFO Train 300/500 Loss: 0.5475234389305115, Time: 0.01413869857788086(s), Frequency: 70.7278675255472(fps)
07:17:00,295 root INFO Train 400/500 Loss: 0.5408576130867004, Time: 0.014171361923217773(s), Frequency: 70.56484799542388(fps)
07:23:26,965 root INFO Train 500/500 Loss: 0.5487654805183411, Time: 0.021631240844726562(s), Frequency: 46.22943303059695(fps)
07:27:26,416 root INFO Val Stats: Loss: 0.9988176315388781, Time: 0.011551838368177414, Clip Sim: 0.1464365521009932
07:27:38,898 root INFO Train 0/500 Loss: 0.5504081845283508, Time: 0.0220794677734375(s), Frequency: 45.29094678645473(fps)
07:34:04,754 root INFO Train 100/500 Loss: 0.5350672006607056, Time: 0.021710634231567383(s), Frequency: 46.06037710984944(fps)
07:40:41,850 root INFO Train 200/500 Loss: 0.5486516952514648, Time: 0.014106988906860352(s), Frequency: 70.88684953269448(fps)
07:47:05,326 root INFO Train 300/500 Loss: 0.5329444408416748, Time: 0.014255523681640625(s), Frequency: 70.14824725715815(fps)
07:53:29,337 root INFO Train 400/500 Loss: 0.5326364040374756, Time: 0.01385188102722168(s), Frequency: 72.19236131430833(fps)
08:00:25,4 root INFO Train 500/500 Loss: 0.5334358215332031, Time: 0.014660120010375977(s), Frequency: 68.21226560848282(fps)
08:04:20,303 root INFO Val Stats: Loss: 0.9928952125792808, Time: 0.011791841825470328, Clip Sim: 0.1513209453922637
08:04:31,562 root INFO Train 0/500 Loss: 0.5413410067558289, Time: 0.018466949462890625(s), Frequency: 54.15079529022929(fps)
08:10:57,901 root INFO Train 100/500 Loss: 0.5423961877822876, Time: 0.013624906539916992(s), Frequency: 73.39499886258247(fps)
08:17:17,724 root INFO Train 200/500 Loss: 0.5385584235191345, Time: 0.013553857803344727(s), Frequency: 73.779732273215(fps)
08:23:37,928 root INFO Train 300/500 Loss: 0.5447173118591309, Time: 0.012792587280273438(s), Frequency: 78.17026986730282(fps)
08:29:57,836 root INFO Train 400/500 Loss: 0.531329333782196, Time: 0.013402223587036133(s), Frequency: 74.61448419404763(fps)
08:36:22,475 root INFO Train 500/500 Loss: 0.5405897498130798, Time: 0.014965534210205078(s), Frequency: 66.82020073283415(fps)
08:41:01,565 root INFO Val Stats: Loss: 0.9896709208792829, Time: 0.01297860243357718, Clip Sim: 0.15492799117210063
08:41:15,347 root INFO Train 0/500 Loss: 0.5282033085823059, Time: 0.02001786231994629(s), Frequency: 49.95538404735532(fps)
08:47:40,666 root INFO Train 100/500 Loss: 0.5313419699668884, Time: 0.02123093605041504(s), Frequency: 47.101079181125(fps)
08:54:00,443 root INFO Train 200/500 Loss: 0.5293060541152954, Time: 0.013768911361694336(s), Frequency: 72.62738307561774(fps)
09:00:17,841 root INFO Train 300/500 Loss: 0.5281844139099121, Time: 0.013465166091918945(s), Frequency: 74.26570108185634(fps)
09:06:37,492 root INFO Train 400/500 Loss: 0.5318969488143921, Time: 0.016309261322021484(s), Frequency: 61.314855422039(fps)
09:13:01,624 root INFO Train 500/500 Loss: 0.5204125642776489, Time: 0.014733314514160156(s), Frequency: 67.87338986342158(fps)
09:17:51,491 root INFO Val Stats: Loss: 0.9868742836282608, Time: 0.01323051261715591, Clip Sim: 0.15380881060945226
09:18:04,550 root INFO Train 0/500 Loss: 0.5250862836837769, Time: 0.025036334991455078(s), Frequency: 39.94194838586801(fps)
09:24:44,579 root INFO Train 100/500 Loss: 0.5263786315917969, Time: 0.021944284439086914(s), Frequency: 45.569952521159045(fps)
09:31:03,484 root INFO Train 200/500 Loss: 0.5212478041648865, Time: 0.014078378677368164(s), Frequency: 71.03090653525038(fps)
09:37:22,567 root INFO Train 300/500 Loss: 0.5188485383987427, Time: 0.014953136444091797(s), Frequency: 66.87560190057081(fps)
09:43:41,530 root INFO Train 400/500 Loss: 0.5253244042396545, Time: 0.013757467269897461(s), Frequency: 72.68779786146301(fps)
09:49:57,536 root INFO Train 500/500 Loss: 0.5234306454658508, Time: 0.012210845947265625(s), Frequency: 81.89440799750078(fps)
09:54:25,248 root INFO Val Stats: Loss: 0.9870248462291474, Time: 0.012863347539678216, Clip Sim: 0.15715926061285304
09:54:38,696 root INFO Train 0/500 Loss: 0.5273288488388062, Time: 0.01723647117614746(s), Frequency: 58.01651566498375(fps)
10:01:23,207 root INFO Train 100/500 Loss: 0.5103476047515869, Time: 0.01626753807067871(s), Frequency: 61.472116779762864(fps)
10:07:47,911 root INFO Train 200/500 Loss: 0.5236328840255737, Time: 0.0126495361328125(s), Frequency: 79.05428226779252(fps)
10:14:08,623 root INFO Train 300/500 Loss: 0.5230349898338318, Time: 0.014899253845214844(s), Frequency: 67.11745503424439(fps)
10:20:23,439 root INFO Train 400/500 Loss: 0.5186322331428528, Time: 0.013520002365112305(s), Frequency: 73.96448410249175(fps)
10:26:42,331 root INFO Train 500/500 Loss: 0.5253292322158813, Time: 0.01335000991821289(s), Frequency: 74.90631139050612(fps)
10:30:23,325 root INFO Val Stats: Loss: 0.9880874689589155, Time: 0.011707928264513612, Clip Sim: 0.1591554325311742
10:30:36,497 root INFO Train 0/500 Loss: 0.5249532461166382, Time: 0.016210079193115234(s), Frequency: 61.69001323724077(fps)
10:37:07,631 root INFO Train 100/500 Loss: 0.5276381373405457, Time: 0.01443791389465332(s), Frequency: 69.26208365672011(fps)
10:43:35,353 root INFO Train 200/500 Loss: 0.5210202932357788, Time: 0.014202356338500977(s), Frequency: 70.41085128170693(fps)
10:49:56,142 root INFO Train 300/500 Loss: 0.5206384658813477, Time: 0.01382899284362793(s), Frequency: 72.31184593900315(fps)
10:56:19,418 root INFO Train 400/500 Loss: 0.5144312381744385, Time: 0.013487577438354492(s), Frequency: 74.14229905782115(fps)
11:02:35,370 root INFO Train 500/500 Loss: 0.5216330885887146, Time: 0.013199329376220703(s), Frequency: 75.7614248040172(fps)
11:05:30,384 root INFO Val Stats: Loss: 0.9909726114983254, Time: 0.010147394379600883, Clip Sim: 0.1595546615884659
11:05:41,524 root INFO Train 0/500 Loss: 0.5299299955368042, Time: 0.016540050506591797(s), Frequency: 60.45930752154986(fps)
11:12:13,982 root INFO Train 100/500 Loss: 0.53323894739151, Time: 0.015316247940063477(s), Frequency: 65.29014180974767(fps)
11:18:35,310 root INFO Train 200/500 Loss: 0.5116146206855774, Time: 0.01445770263671875(s), Frequency: 69.16728232189973(fps)
11:24:55,618 root INFO Train 300/500 Loss: 0.5235000848770142, Time: 0.014741659164428711(s), Frequency: 67.83496951367437(fps)
11:31:14,632 root INFO Train 400/500 Loss: 0.5165004134178162, Time: 0.013582706451416016(s), Frequency: 73.62302966473582(fps)
11:37:35,597 root INFO Train 500/500 Loss: 0.5174769163131714, Time: 0.014215469360351562(s), Frequency: 70.34590097947135(fps)
11:42:01,178 root INFO Val Stats: Loss: 0.991499514021772, Time: 0.01301453448832035, Clip Sim: 0.159914142907934
11:42:12,866 root INFO Train 0/500 Loss: 0.523547887802124, Time: 0.035793304443359375(s), Frequency: 27.9381860812107(fps)
11:48:42,677 root INFO Train 100/500 Loss: 0.5161932706832886, Time: 0.015217065811157227(s), Frequency: 65.71569134351743(fps)
11:55:10,294 root INFO Train 200/500 Loss: 0.5300370454788208, Time: 0.03129243850708008(s), Frequency: 31.956601904761904(fps)
12:01:30,961 root INFO Train 300/500 Loss: 0.5235857367515564, Time: 0.013055562973022461(s), Frequency: 76.5957011632791(fps)
12:07:48,847 root INFO Train 400/500 Loss: 0.5155976414680481, Time: 0.015206336975097656(s), Frequency: 65.76205707118218(fps)
12:14:12,188 root INFO Train 500/500 Loss: 0.5224088430404663, Time: 0.016178369522094727(s), Frequency: 61.81092591773877(fps)
12:17:59,16 root INFO Val Stats: Loss: 0.9929767568060692, Time: 0.012080158805474639, Clip Sim: 0.15942414865848867
